[05-Dec-2020 17:30:39 UTC] Cơ sở dữ liệu của WordPress gặp lỗi You have an error in your SQL syntax; check the manual that corresponds to your MySQL server version for the right syntax to use near ') GROUP BY p.ID ORDER BY p.post_date DESC' at line 1 với truy vấn SELECT p.ID FROM wp_posts AS p LEFT JOIN wp_term_relationships AS tr1 ON p.ID = tr1.object_id LEFT JOIN wp_term_taxonomy AS tt2 ON tt2.term_taxonomy_id = tr1.term_taxonomy_id WHERE p.post_type = 'product' AND p.post_status = 'publish' AND tt2.term_id IN ( ) GROUP BY p.ID ORDER BY p.post_date DESC  yêu cầu bởi require('wp-blog-header.php'), require_once('wp-includes/template-loader.php'), include('/plugins/woo-product-builder/templates/single-product-builder.php'), do_action('woocommerce_product_builder_single_content'), WP_Hook->do_action, WP_Hook->apply_filters, VI_WPRODUCTBUILDER_F_FrontEnd_Step->product_builder_content_single_page, VI_WPRODUCTBUILDER_F_Data->get_product_filters
[05-Dec-2020 17:30:51 UTC] PHP Notice:  Undefined variable: wp_query in D:\MAMP\htdocs\tulegaming\wp-content\themes\flatsome\functions.php on line 618
[05-Dec-2020 17:30:51 UTC] PHP Fatal error:  Uncaught Error: Call to a member function get() on null in D:\MAMP\htdocs\tulegaming\wp-content\themes\flatsome\functions.php:618
Stack trace:
#0 D:\MAMP\htdocs\tulegaming\wp-includes\class-wp-hook.php(287): timkiem('')
#1 D:\MAMP\htdocs\tulegaming\wp-includes\class-wp-hook.php(311): WP_Hook->apply_filters('', Array)
#2 D:\MAMP\htdocs\tulegaming\wp-includes\plugin.php(478): WP_Hook->do_action(Array)
#3 D:\MAMP\htdocs\tulegaming\wp-admin\custom-ajax.php(175): do_action('wp_ajax_timkiem')
#4 {main}
  thrown in D:\MAMP\htdocs\tulegaming\wp-content\themes\flatsome\functions.php on line 618
[05-Dec-2020 17:32:29 UTC] Cơ sở dữ liệu của WordPress gặp lỗi You have an error in your SQL syntax; check the manual that corresponds to your MySQL server version for the right syntax to use near ') GROUP BY p.ID ORDER BY p.post_date DESC' at line 1 với truy vấn SELECT p.ID FROM wp_posts AS p LEFT JOIN wp_term_relationships AS tr1 ON p.ID = tr1.object_id LEFT JOIN wp_term_taxonomy AS tt2 ON tt2.term_taxonomy_id = tr1.term_taxonomy_id WHERE p.post_type = 'product' AND p.post_status = 'publish' AND tt2.term_id IN ( ) GROUP BY p.ID ORDER BY p.post_date DESC  yêu cầu bởi require('wp-blog-header.php'), require_once('wp-includes/template-loader.php'), include('/plugins/woo-product-builder/templates/single-product-builder.php'), do_action('woocommerce_product_builder_single_content'), WP_Hook->do_action, WP_Hook->apply_filters, VI_WPRODUCTBUILDER_F_FrontEnd_Step->product_builder_content_single_page, VI_WPRODUCTBUILDER_F_Data->get_product_filters
[05-Dec-2020 17:32:56 UTC] PHP Notice:  Undefined variable: wp_query in D:\MAMP\htdocs\tulegaming\wp-content\themes\flatsome\functions.php on line 618
[05-Dec-2020 17:32:56 UTC] PHP Fatal error:  Uncaught Error: Call to a member function get() on null in D:\MAMP\htdocs\tulegaming\wp-content\themes\flatsome\functions.php:618
Stack trace:
#0 D:\MAMP\htdocs\tulegaming\wp-includes\class-wp-hook.php(287): timkiem('')
#1 D:\MAMP\htdocs\tulegaming\wp-includes\class-wp-hook.php(311): WP_Hook->apply_filters('', Array)
#2 D:\MAMP\htdocs\tulegaming\wp-includes\plugin.php(478): WP_Hook->do_action(Array)
#3 D:\MAMP\htdocs\tulegaming\wp-admin\custom-ajax.php(175): do_action('wp_ajax_timkiem')
#4 {main}
  thrown in D:\MAMP\htdocs\tulegaming\wp-content\themes\flatsome\functions.php on line 618
[05-Dec-2020 17:35:30 UTC] PHP Notice:  Undefined variable: where in D:\MAMP\htdocs\tulegaming\wp-content\themes\flatsome\functions.php on line 619
[05-Dec-2020 17:35:30 UTC] PHP Notice:  Undefined variable: data in D:\MAMP\htdocs\tulegaming\wp-content\themes\flatsome\functions.php on line 704
[05-Dec-2020 17:35:30 UTC] PHP Warning:  Invalid argument supplied for foreach() in D:\MAMP\htdocs\tulegaming\wp-content\themes\flatsome\functions.php on line 704
[05-Dec-2020 17:37:14 UTC] PHP Notice:  Undefined variable: data in D:\MAMP\htdocs\tulegaming\wp-content\themes\flatsome\functions.php on line 700
[05-Dec-2020 17:37:14 UTC] PHP Warning:  Invalid argument supplied for foreach() in D:\MAMP\htdocs\tulegaming\wp-content\themes\flatsome\functions.php on line 700
[05-Dec-2020 17:43:15 UTC] PHP Notice:  Undefined variable: args in D:\MAMP\htdocs\tulegaming\wp-content\themes\flatsome\functions.php on line 624
[05-Dec-2020 17:43:15 UTC] PHP Notice:  Undefined variable: data in D:\MAMP\htdocs\tulegaming\wp-content\themes\flatsome\functions.php on line 708
[05-Dec-2020 17:43:15 UTC] PHP Warning:  Invalid argument supplied for foreach() in D:\MAMP\htdocs\tulegaming\wp-content\themes\flatsome\functions.php on line 708
[05-Dec-2020 17:43:36 UTC] Cơ sở dữ liệu của WordPress gặp lỗi You have an error in your SQL syntax; check the manual that corresponds to your MySQL server version for the right syntax to use near ') GROUP BY p.ID ORDER BY p.post_date DESC' at line 1 với truy vấn SELECT p.ID FROM wp_posts AS p LEFT JOIN wp_term_relationships AS tr1 ON p.ID = tr1.object_id LEFT JOIN wp_term_taxonomy AS tt2 ON tt2.term_taxonomy_id = tr1.term_taxonomy_id WHERE p.post_type = 'product' AND p.post_status = 'publish' AND tt2.term_id IN ( ) GROUP BY p.ID ORDER BY p.post_date DESC  yêu cầu bởi require('wp-blog-header.php'), require_once('wp-includes/template-loader.php'), include('/plugins/woo-product-builder/templates/single-product-builder.php'), do_action('woocommerce_product_builder_single_content'), WP_Hook->do_action, WP_Hook->apply_filters, VI_WPRODUCTBUILDER_F_FrontEnd_Step->product_builder_content_single_page, VI_WPRODUCTBUILDER_F_Data->get_product_filters
[05-Dec-2020 17:43:49 UTC] PHP Notice:  Undefined variable: args in D:\MAMP\htdocs\tulegaming\wp-content\themes\flatsome\functions.php on line 624
[05-Dec-2020 17:43:49 UTC] PHP Notice:  Undefined variable: data in D:\MAMP\htdocs\tulegaming\wp-content\themes\flatsome\functions.php on line 708
[05-Dec-2020 17:43:49 UTC] PHP Warning:  Invalid argument supplied for foreach() in D:\MAMP\htdocs\tulegaming\wp-content\themes\flatsome\functions.php on line 708
[05-Dec-2020 17:45:31 UTC] Cơ sở dữ liệu của WordPress gặp lỗi You have an error in your SQL syntax; check the manual that corresponds to your MySQL server version for the right syntax to use near ') GROUP BY p.ID ORDER BY p.post_date DESC' at line 1 với truy vấn SELECT p.ID FROM wp_posts AS p LEFT JOIN wp_term_relationships AS tr1 ON p.ID = tr1.object_id LEFT JOIN wp_term_taxonomy AS tt2 ON tt2.term_taxonomy_id = tr1.term_taxonomy_id WHERE p.post_type = 'product' AND p.post_status = 'publish' AND tt2.term_id IN ( ) GROUP BY p.ID ORDER BY p.post_date DESC  yêu cầu bởi require('wp-blog-header.php'), require_once('wp-includes/template-loader.php'), include('/plugins/woo-product-builder/templates/single-product-builder.php'), do_action('woocommerce_product_builder_single_content'), WP_Hook->do_action, WP_Hook->apply_filters, VI_WPRODUCTBUILDER_F_FrontEnd_Step->product_builder_content_single_page, VI_WPRODUCTBUILDER_F_Data->get_product_filters
[05-Dec-2020 17:45:40 UTC] PHP Warning:  Parameter 2 to title_filter() expected to be a reference, value given in D:\MAMP\htdocs\tulegaming\wp-includes\class-wp-hook.php on line 287
[05-Dec-2020 17:45:40 UTC] PHP Notice:  Undefined variable: data in D:\MAMP\htdocs\tulegaming\wp-content\themes\flatsome\functions.php on line 714
[05-Dec-2020 17:45:40 UTC] PHP Warning:  Invalid argument supplied for foreach() in D:\MAMP\htdocs\tulegaming\wp-content\themes\flatsome\functions.php on line 714
[05-Dec-2020 17:49:46 UTC] PHP Warning:  Parameter 2 to title_filter() expected to be a reference, value given in D:\MAMP\htdocs\tulegaming\wp-includes\class-wp-hook.php on line 287
[05-Dec-2020 17:49:46 UTC] PHP Notice:  Undefined variable: data in D:\MAMP\htdocs\tulegaming\wp-content\themes\flatsome\functions.php on line 714
[05-Dec-2020 17:49:46 UTC] PHP Warning:  Invalid argument supplied for foreach() in D:\MAMP\htdocs\tulegaming\wp-content\themes\flatsome\functions.php on line 714
[05-Dec-2020 17:50:57 UTC] PHP Warning:  Parameter 2 to title_filter() expected to be a reference, value given in D:\MAMP\htdocs\tulegaming\wp-includes\class-wp-hook.php on line 287
[05-Dec-2020 17:50:57 UTC] PHP Notice:  Undefined variable: data in D:\MAMP\htdocs\tulegaming\wp-content\themes\flatsome\functions.php on line 714
[05-Dec-2020 17:50:57 UTC] PHP Warning:  Invalid argument supplied for foreach() in D:\MAMP\htdocs\tulegaming\wp-content\themes\flatsome\functions.php on line 714
[05-Dec-2020 17:53:34 UTC] PHP Notice:  Undefined variable: page_size in D:\MAMP\htdocs\tulegaming\wp-content\themes\flatsome\functions.php on line 627
[05-Dec-2020 17:53:34 UTC] PHP Notice:  Undefined variable: page in D:\MAMP\htdocs\tulegaming\wp-content\themes\flatsome\functions.php on line 628
[05-Dec-2020 17:53:34 UTC] PHP Notice:  Undefined variable: search_term in D:\MAMP\htdocs\tulegaming\wp-content\themes\flatsome\functions.php on line 629
[05-Dec-2020 17:53:34 UTC] PHP Warning:  Parameter 2 to title_filter() expected to be a reference, value given in D:\MAMP\htdocs\tulegaming\wp-includes\class-wp-hook.php on line 287
[05-Dec-2020 17:53:34 UTC] PHP Notice:  Undefined variable: data in D:\MAMP\htdocs\tulegaming\wp-content\themes\flatsome\functions.php on line 722
[05-Dec-2020 17:53:34 UTC] PHP Warning:  Invalid argument supplied for foreach() in D:\MAMP\htdocs\tulegaming\wp-content\themes\flatsome\functions.php on line 722
[05-Dec-2020 17:53:55 UTC] PHP Notice:  Undefined variable: page_size in D:\MAMP\htdocs\tulegaming\wp-content\themes\flatsome\functions.php on line 627
[05-Dec-2020 17:53:55 UTC] PHP Notice:  Undefined variable: page in D:\MAMP\htdocs\tulegaming\wp-content\themes\flatsome\functions.php on line 628
[05-Dec-2020 17:53:55 UTC] PHP Notice:  Undefined variable: search_term in D:\MAMP\htdocs\tulegaming\wp-content\themes\flatsome\functions.php on line 629
[05-Dec-2020 17:53:55 UTC] PHP Warning:  Parameter 2 to title_filter() expected to be a reference, value given in D:\MAMP\htdocs\tulegaming\wp-includes\class-wp-hook.php on line 287
[05-Dec-2020 17:53:55 UTC] PHP Notice:  Undefined variable: data in D:\MAMP\htdocs\tulegaming\wp-content\themes\flatsome\functions.php on line 722
[05-Dec-2020 17:53:55 UTC] PHP Warning:  Invalid argument supplied for foreach() in D:\MAMP\htdocs\tulegaming\wp-content\themes\flatsome\functions.php on line 722
[05-Dec-2020 17:54:50 UTC] PHP Notice:  Undefined variable: search_term in D:\MAMP\htdocs\tulegaming\wp-content\themes\flatsome\functions.php on line 628
[05-Dec-2020 17:54:50 UTC] PHP Warning:  Parameter 2 to title_filter() expected to be a reference, value given in D:\MAMP\htdocs\tulegaming\wp-includes\class-wp-hook.php on line 287
[05-Dec-2020 17:54:50 UTC] PHP Notice:  Undefined variable: data in D:\MAMP\htdocs\tulegaming\wp-content\themes\flatsome\functions.php on line 721
[05-Dec-2020 17:54:50 UTC] PHP Warning:  Invalid argument supplied for foreach() in D:\MAMP\htdocs\tulegaming\wp-content\themes\flatsome\functions.php on line 721
[05-Dec-2020 17:55:40 UTC] PHP Notice:  Undefined variable: search_term in D:\MAMP\htdocs\tulegaming\wp-content\themes\flatsome\functions.php on line 628
[05-Dec-2020 17:55:40 UTC] PHP Warning:  Parameter 2 to title_filter() expected to be a reference, value given in D:\MAMP\htdocs\tulegaming\wp-includes\class-wp-hook.php on line 287
[05-Dec-2020 17:55:40 UTC] PHP Notice:  Undefined variable: data in D:\MAMP\htdocs\tulegaming\wp-content\themes\flatsome\functions.php on line 722
[05-Dec-2020 17:55:40 UTC] PHP Warning:  Invalid argument supplied for foreach() in D:\MAMP\htdocs\tulegaming\wp-content\themes\flatsome\functions.php on line 722
[05-Dec-2020 17:57:35 UTC] PHP Notice:  Undefined variable: search_term in D:\MAMP\htdocs\tulegaming\wp-content\themes\flatsome\functions.php on line 628
[05-Dec-2020 17:57:35 UTC] PHP Warning:  Parameter 2 to title_filter() expected to be a reference, value given in D:\MAMP\htdocs\tulegaming\wp-includes\class-wp-hook.php on line 287
[05-Dec-2020 17:57:35 UTC] PHP Warning:  number_format() expects parameter 1 to be float, string given in D:\MAMP\htdocs\tulegaming\wp-content\themes\flatsome\functions.php on line 761
[06-Dec-2020 01:30:39 UTC] Cơ sở dữ liệu của WordPress gặp lỗi You have an error in your SQL syntax; check the manual that corresponds to your MySQL server version for the right syntax to use near ') GROUP BY p.ID ORDER BY p.post_date DESC' at line 1 với truy vấn SELECT p.ID FROM wp_posts AS p LEFT JOIN wp_term_relationships AS tr1 ON p.ID = tr1.object_id LEFT JOIN wp_term_taxonomy AS tt2 ON tt2.term_taxonomy_id = tr1.term_taxonomy_id WHERE p.post_type = 'product' AND p.post_status = 'publish' AND tt2.term_id IN ( ) GROUP BY p.ID ORDER BY p.post_date DESC  yêu cầu bởi require('wp-blog-header.php'), require_once('wp-includes/template-loader.php'), include('/plugins/woo-product-builder/templates/single-product-builder.php'), do_action('woocommerce_product_builder_single_content'), WP_Hook->do_action, WP_Hook->apply_filters, VI_WPRODUCTBUILDER_F_FrontEnd_Step->product_builder_content_single_page, VI_WPRODUCTBUILDER_F_Data->get_product_filters
[06-Dec-2020 01:30:39 UTC] PHP Notice:  Undefined index: sanphambuildpc in D:\MAMP\htdocs\tulegaming\wp-content\plugins\woo-product-builder\frontend\step.php on line 239
[06-Dec-2020 01:30:39 UTC] PHP Notice:  Undefined index: sanphambuildpc in D:\MAMP\htdocs\tulegaming\wp-content\plugins\woo-product-builder\frontend\step.php on line 433
[06-Dec-2020 01:30:39 UTC] PHP Warning:  count(): Parameter must be an array or an object that implements Countable in D:\MAMP\htdocs\tulegaming\wp-content\plugins\woo-product-builder\frontend\step.php on line 433
[06-Dec-2020 01:30:53 UTC] PHP Warning:  number_format() expects parameter 1 to be float, string given in D:\MAMP\htdocs\tulegaming\wp-content\themes\flatsome\functions.php on line 165
[06-Dec-2020 01:31:10 UTC] Cơ sở dữ liệu của WordPress gặp lỗi You have an error in your SQL syntax; check the manual that corresponds to your MySQL server version for the right syntax to use near ') GROUP BY p.ID ORDER BY p.post_date DESC' at line 1 với truy vấn SELECT p.ID FROM wp_posts AS p LEFT JOIN wp_term_relationships AS tr1 ON p.ID = tr1.object_id LEFT JOIN wp_term_taxonomy AS tt2 ON tt2.term_taxonomy_id = tr1.term_taxonomy_id WHERE p.post_type = 'product' AND p.post_status = 'publish' AND tt2.term_id IN ( ) GROUP BY p.ID ORDER BY p.post_date DESC  yêu cầu bởi require('wp-blog-header.php'), require_once('wp-includes/template-loader.php'), include('/plugins/woo-product-builder/templates/single-product-builder.php'), do_action('woocommerce_product_builder_single_content'), WP_Hook->do_action, WP_Hook->apply_filters, VI_WPRODUCTBUILDER_F_FrontEnd_Step->product_builder_content_single_page, VI_WPRODUCTBUILDER_F_Data->get_product_filters
[06-Dec-2020 01:31:10 UTC] PHP Notice:  Undefined index: sanphambuildpc in D:\MAMP\htdocs\tulegaming\wp-content\plugins\woo-product-builder\frontend\step.php on line 433
[06-Dec-2020 01:31:10 UTC] PHP Warning:  count(): Parameter must be an array or an object that implements Countable in D:\MAMP\htdocs\tulegaming\wp-content\plugins\woo-product-builder\frontend\step.php on line 433
[06-Dec-2020 01:31:51 UTC] Cơ sở dữ liệu của WordPress gặp lỗi You have an error in your SQL syntax; check the manual that corresponds to your MySQL server version for the right syntax to use near ') GROUP BY p.ID ORDER BY p.post_date DESC' at line 1 với truy vấn SELECT p.ID FROM wp_posts AS p LEFT JOIN wp_term_relationships AS tr1 ON p.ID = tr1.object_id LEFT JOIN wp_term_taxonomy AS tt2 ON tt2.term_taxonomy_id = tr1.term_taxonomy_id WHERE p.post_type = 'product' AND p.post_status = 'publish' AND tt2.term_id IN ( ) GROUP BY p.ID ORDER BY p.post_date DESC  yêu cầu bởi require('wp-blog-header.php'), require_once('wp-includes/template-loader.php'), include('/plugins/woo-product-builder/templates/single-product-builder.php'), do_action('woocommerce_product_builder_single_content'), WP_Hook->do_action, WP_Hook->apply_filters, VI_WPRODUCTBUILDER_F_FrontEnd_Step->product_builder_content_single_page, VI_WPRODUCTBUILDER_F_Data->get_product_filters
[06-Dec-2020 01:31:51 UTC] PHP Notice:  Undefined index: sanphambuildpc in D:\MAMP\htdocs\tulegaming\wp-content\plugins\woo-product-builder\frontend\step.php on line 433
[06-Dec-2020 01:31:51 UTC] PHP Warning:  count(): Parameter must be an array or an object that implements Countable in D:\MAMP\htdocs\tulegaming\wp-content\plugins\woo-product-builder\frontend\step.php on line 433
[06-Dec-2020 01:37:00 UTC] Cơ sở dữ liệu của WordPress gặp lỗi You have an error in your SQL syntax; check the manual that corresponds to your MySQL server version for the right syntax to use near ') GROUP BY p.ID ORDER BY p.post_date DESC' at line 1 với truy vấn SELECT p.ID FROM wp_posts AS p LEFT JOIN wp_term_relationships AS tr1 ON p.ID = tr1.object_id LEFT JOIN wp_term_taxonomy AS tt2 ON tt2.term_taxonomy_id = tr1.term_taxonomy_id WHERE p.post_type = 'product' AND p.post_status = 'publish' AND tt2.term_id IN ( ) GROUP BY p.ID ORDER BY p.post_date DESC  yêu cầu bởi require('wp-blog-header.php'), require_once('wp-includes/template-loader.php'), include('/plugins/woo-product-builder/templates/single-product-builder.php'), do_action('woocommerce_product_builder_single_content'), WP_Hook->do_action, WP_Hook->apply_filters, VI_WPRODUCTBUILDER_F_FrontEnd_Step->product_builder_content_single_page, VI_WPRODUCTBUILDER_F_Data->get_product_filters
[06-Dec-2020 01:37:00 UTC] PHP Notice:  Undefined index: sanphambuildpc in D:\MAMP\htdocs\tulegaming\wp-content\plugins\woo-product-builder\frontend\step.php on line 433
[06-Dec-2020 01:37:00 UTC] PHP Warning:  count(): Parameter must be an array or an object that implements Countable in D:\MAMP\htdocs\tulegaming\wp-content\plugins\woo-product-builder\frontend\step.php on line 433
[06-Dec-2020 01:37:37 UTC] Cơ sở dữ liệu của WordPress gặp lỗi You have an error in your SQL syntax; check the manual that corresponds to your MySQL server version for the right syntax to use near ') GROUP BY p.ID ORDER BY p.post_date DESC' at line 1 với truy vấn SELECT p.ID FROM wp_posts AS p LEFT JOIN wp_term_relationships AS tr1 ON p.ID = tr1.object_id LEFT JOIN wp_term_taxonomy AS tt2 ON tt2.term_taxonomy_id = tr1.term_taxonomy_id WHERE p.post_type = 'product' AND p.post_status = 'publish' AND tt2.term_id IN ( ) GROUP BY p.ID ORDER BY p.post_date DESC  yêu cầu bởi require('wp-blog-header.php'), require_once('wp-includes/template-loader.php'), include('/plugins/woo-product-builder/templates/single-product-builder.php'), do_action('woocommerce_product_builder_single_content'), WP_Hook->do_action, WP_Hook->apply_filters, VI_WPRODUCTBUILDER_F_FrontEnd_Step->product_builder_content_single_page, VI_WPRODUCTBUILDER_F_Data->get_product_filters
[06-Dec-2020 01:37:38 UTC] PHP Notice:  Undefined index: sanphambuildpc in D:\MAMP\htdocs\tulegaming\wp-content\plugins\woo-product-builder\frontend\step.php on line 433
[06-Dec-2020 01:37:38 UTC] PHP Warning:  count(): Parameter must be an array or an object that implements Countable in D:\MAMP\htdocs\tulegaming\wp-content\plugins\woo-product-builder\frontend\step.php on line 433
[06-Dec-2020 01:38:24 UTC] Cơ sở dữ liệu của WordPress gặp lỗi You have an error in your SQL syntax; check the manual that corresponds to your MySQL server version for the right syntax to use near ') GROUP BY p.ID ORDER BY p.post_date DESC' at line 1 với truy vấn SELECT p.ID FROM wp_posts AS p LEFT JOIN wp_term_relationships AS tr1 ON p.ID = tr1.object_id LEFT JOIN wp_term_taxonomy AS tt2 ON tt2.term_taxonomy_id = tr1.term_taxonomy_id WHERE p.post_type = 'product' AND p.post_status = 'publish' AND tt2.term_id IN ( ) GROUP BY p.ID ORDER BY p.post_date DESC  yêu cầu bởi require('wp-blog-header.php'), require_once('wp-includes/template-loader.php'), include('/plugins/woo-product-builder/templates/single-product-builder.php'), do_action('woocommerce_product_builder_single_content'), WP_Hook->do_action, WP_Hook->apply_filters, VI_WPRODUCTBUILDER_F_FrontEnd_Step->product_builder_content_single_page, VI_WPRODUCTBUILDER_F_Data->get_product_filters
[06-Dec-2020 01:38:24 UTC] PHP Notice:  Undefined index: sanphambuildpc in D:\MAMP\htdocs\tulegaming\wp-content\plugins\woo-product-builder\frontend\step.php on line 432
[06-Dec-2020 01:38:24 UTC] PHP Warning:  count(): Parameter must be an array or an object that implements Countable in D:\MAMP\htdocs\tulegaming\wp-content\plugins\woo-product-builder\frontend\step.php on line 432
[06-Dec-2020 01:38:46 UTC] Cơ sở dữ liệu của WordPress gặp lỗi You have an error in your SQL syntax; check the manual that corresponds to your MySQL server version for the right syntax to use near ') GROUP BY p.ID ORDER BY p.post_date DESC' at line 1 với truy vấn SELECT p.ID FROM wp_posts AS p LEFT JOIN wp_term_relationships AS tr1 ON p.ID = tr1.object_id LEFT JOIN wp_term_taxonomy AS tt2 ON tt2.term_taxonomy_id = tr1.term_taxonomy_id WHERE p.post_type = 'product' AND p.post_status = 'publish' AND tt2.term_id IN ( ) GROUP BY p.ID ORDER BY p.post_date DESC  yêu cầu bởi require('wp-blog-header.php'), require_once('wp-includes/template-loader.php'), include('/plugins/woo-product-builder/templates/single-product-builder.php'), do_action('woocommerce_product_builder_single_content'), WP_Hook->do_action, WP_Hook->apply_filters, VI_WPRODUCTBUILDER_F_FrontEnd_Step->product_builder_content_single_page, VI_WPRODUCTBUILDER_F_Data->get_product_filters
[06-Dec-2020 01:38:46 UTC] PHP Notice:  Undefined index: sanphambuildpc in D:\MAMP\htdocs\tulegaming\wp-content\plugins\woo-product-builder\frontend\step.php on line 431
[06-Dec-2020 01:38:46 UTC] PHP Warning:  count(): Parameter must be an array or an object that implements Countable in D:\MAMP\htdocs\tulegaming\wp-content\plugins\woo-product-builder\frontend\step.php on line 431
[06-Dec-2020 01:39:28 UTC] Cơ sở dữ liệu của WordPress gặp lỗi You have an error in your SQL syntax; check the manual that corresponds to your MySQL server version for the right syntax to use near ') GROUP BY p.ID ORDER BY p.post_date DESC' at line 1 với truy vấn SELECT p.ID FROM wp_posts AS p LEFT JOIN wp_term_relationships AS tr1 ON p.ID = tr1.object_id LEFT JOIN wp_term_taxonomy AS tt2 ON tt2.term_taxonomy_id = tr1.term_taxonomy_id WHERE p.post_type = 'product' AND p.post_status = 'publish' AND tt2.term_id IN ( ) GROUP BY p.ID ORDER BY p.post_date DESC  yêu cầu bởi require('wp-blog-header.php'), require_once('wp-includes/template-loader.php'), include('/plugins/woo-product-builder/templates/single-product-builder.php'), do_action('woocommerce_product_builder_single_content'), WP_Hook->do_action, WP_Hook->apply_filters, VI_WPRODUCTBUILDER_F_FrontEnd_Step->product_builder_content_single_page, VI_WPRODUCTBUILDER_F_Data->get_product_filters
[06-Dec-2020 01:39:28 UTC] PHP Notice:  Undefined index: sanphambuildpc in D:\MAMP\htdocs\tulegaming\wp-content\plugins\woo-product-builder\frontend\step.php on line 431
[06-Dec-2020 01:39:28 UTC] PHP Warning:  count(): Parameter must be an array or an object that implements Countable in D:\MAMP\htdocs\tulegaming\wp-content\plugins\woo-product-builder\frontend\step.php on line 431
[06-Dec-2020 01:40:53 UTC] Cơ sở dữ liệu của WordPress gặp lỗi You have an error in your SQL syntax; check the manual that corresponds to your MySQL server version for the right syntax to use near ') GROUP BY p.ID ORDER BY p.post_date DESC' at line 1 với truy vấn SELECT p.ID FROM wp_posts AS p LEFT JOIN wp_term_relationships AS tr1 ON p.ID = tr1.object_id LEFT JOIN wp_term_taxonomy AS tt2 ON tt2.term_taxonomy_id = tr1.term_taxonomy_id WHERE p.post_type = 'product' AND p.post_status = 'publish' AND tt2.term_id IN ( ) GROUP BY p.ID ORDER BY p.post_date DESC  yêu cầu bởi require('wp-blog-header.php'), require_once('wp-includes/template-loader.php'), include('/plugins/woo-product-builder/templates/single-product-builder.php'), do_action('woocommerce_product_builder_single_content'), WP_Hook->do_action, WP_Hook->apply_filters, VI_WPRODUCTBUILDER_F_FrontEnd_Step->product_builder_content_single_page, VI_WPRODUCTBUILDER_F_Data->get_product_filters
[06-Dec-2020 01:40:53 UTC] PHP Notice:  Undefined index: sanphambuildpc in D:\MAMP\htdocs\tulegaming\wp-content\plugins\woo-product-builder\frontend\step.php on line 393
[06-Dec-2020 01:40:53 UTC] PHP Warning:  count(): Parameter must be an array or an object that implements Countable in D:\MAMP\htdocs\tulegaming\wp-content\plugins\woo-product-builder\frontend\step.php on line 393
[06-Dec-2020 01:41:19 UTC] Cơ sở dữ liệu của WordPress gặp lỗi You have an error in your SQL syntax; check the manual that corresponds to your MySQL server version for the right syntax to use near ') GROUP BY p.ID ORDER BY p.post_date DESC' at line 1 với truy vấn SELECT p.ID FROM wp_posts AS p LEFT JOIN wp_term_relationships AS tr1 ON p.ID = tr1.object_id LEFT JOIN wp_term_taxonomy AS tt2 ON tt2.term_taxonomy_id = tr1.term_taxonomy_id WHERE p.post_type = 'product' AND p.post_status = 'publish' AND tt2.term_id IN ( ) GROUP BY p.ID ORDER BY p.post_date DESC  yêu cầu bởi require('wp-blog-header.php'), require_once('wp-includes/template-loader.php'), include('/plugins/woo-product-builder/templates/single-product-builder.php'), do_action('woocommerce_product_builder_single_content'), WP_Hook->do_action, WP_Hook->apply_filters, VI_WPRODUCTBUILDER_F_FrontEnd_Step->product_builder_content_single_page, VI_WPRODUCTBUILDER_F_Data->get_product_filters
[06-Dec-2020 01:41:19 UTC] PHP Notice:  Undefined index: sanphambuildpc in D:\MAMP\htdocs\tulegaming\wp-content\plugins\woo-product-builder\frontend\step.php on line 393
[06-Dec-2020 01:41:19 UTC] PHP Warning:  count(): Parameter must be an array or an object that implements Countable in D:\MAMP\htdocs\tulegaming\wp-content\plugins\woo-product-builder\frontend\step.php on line 393
[06-Dec-2020 01:41:46 UTC] Cơ sở dữ liệu của WordPress gặp lỗi You have an error in your SQL syntax; check the manual that corresponds to your MySQL server version for the right syntax to use near ') GROUP BY p.ID ORDER BY p.post_date DESC' at line 1 với truy vấn SELECT p.ID FROM wp_posts AS p LEFT JOIN wp_term_relationships AS tr1 ON p.ID = tr1.object_id LEFT JOIN wp_term_taxonomy AS tt2 ON tt2.term_taxonomy_id = tr1.term_taxonomy_id WHERE p.post_type = 'product' AND p.post_status = 'publish' AND tt2.term_id IN ( ) GROUP BY p.ID ORDER BY p.post_date DESC  yêu cầu bởi require('wp-blog-header.php'), require_once('wp-includes/template-loader.php'), include('/plugins/woo-product-builder/templates/single-product-builder.php'), do_action('woocommerce_product_builder_single_content'), WP_Hook->do_action, WP_Hook->apply_filters, VI_WPRODUCTBUILDER_F_FrontEnd_Step->product_builder_content_single_page, VI_WPRODUCTBUILDER_F_Data->get_product_filters
[06-Dec-2020 01:41:46 UTC] PHP Notice:  Undefined index: sanphambuildpc in D:\MAMP\htdocs\tulegaming\wp-content\plugins\woo-product-builder\frontend\step.php on line 392
[06-Dec-2020 01:41:46 UTC] PHP Warning:  count(): Parameter must be an array or an object that implements Countable in D:\MAMP\htdocs\tulegaming\wp-content\plugins\woo-product-builder\frontend\step.php on line 392
[06-Dec-2020 01:43:43 UTC] Cơ sở dữ liệu của WordPress gặp lỗi You have an error in your SQL syntax; check the manual that corresponds to your MySQL server version for the right syntax to use near ') GROUP BY p.ID ORDER BY p.post_date DESC' at line 1 với truy vấn SELECT p.ID FROM wp_posts AS p LEFT JOIN wp_term_relationships AS tr1 ON p.ID = tr1.object_id LEFT JOIN wp_term_taxonomy AS tt2 ON tt2.term_taxonomy_id = tr1.term_taxonomy_id WHERE p.post_type = 'product' AND p.post_status = 'publish' AND tt2.term_id IN ( ) GROUP BY p.ID ORDER BY p.post_date DESC  yêu cầu bởi require('wp-blog-header.php'), require_once('wp-includes/template-loader.php'), include('/plugins/woo-product-builder/templates/single-product-builder.php'), do_action('woocommerce_product_builder_single_content'), WP_Hook->do_action, WP_Hook->apply_filters, VI_WPRODUCTBUILDER_F_FrontEnd_Step->product_builder_content_single_page, VI_WPRODUCTBUILDER_F_Data->get_product_filters
[06-Dec-2020 01:43:43 UTC] PHP Notice:  Undefined index: sanphambuildpc in D:\MAMP\htdocs\tulegaming\wp-content\plugins\woo-product-builder\frontend\step.php on line 392
[06-Dec-2020 01:43:43 UTC] PHP Warning:  count(): Parameter must be an array or an object that implements Countable in D:\MAMP\htdocs\tulegaming\wp-content\plugins\woo-product-builder\frontend\step.php on line 392
[06-Dec-2020 01:43:54 UTC] Cơ sở dữ liệu của WordPress gặp lỗi You have an error in your SQL syntax; check the manual that corresponds to your MySQL server version for the right syntax to use near ') GROUP BY p.ID ORDER BY p.post_date DESC' at line 1 với truy vấn SELECT p.ID FROM wp_posts AS p LEFT JOIN wp_term_relationships AS tr1 ON p.ID = tr1.object_id LEFT JOIN wp_term_taxonomy AS tt2 ON tt2.term_taxonomy_id = tr1.term_taxonomy_id WHERE p.post_type = 'product' AND p.post_status = 'publish' AND tt2.term_id IN ( ) GROUP BY p.ID ORDER BY p.post_date DESC  yêu cầu bởi require('wp-blog-header.php'), require_once('wp-includes/template-loader.php'), include('/plugins/woo-product-builder/templates/single-product-builder.php'), do_action('woocommerce_product_builder_single_content'), WP_Hook->do_action, WP_Hook->apply_filters, VI_WPRODUCTBUILDER_F_FrontEnd_Step->product_builder_content_single_page, VI_WPRODUCTBUILDER_F_Data->get_product_filters
[06-Dec-2020 01:43:54 UTC] PHP Notice:  Undefined index: sanphambuildpc in D:\MAMP\htdocs\tulegaming\wp-content\plugins\woo-product-builder\frontend\step.php on line 392
[06-Dec-2020 01:43:54 UTC] PHP Warning:  count(): Parameter must be an array or an object that implements Countable in D:\MAMP\htdocs\tulegaming\wp-content\plugins\woo-product-builder\frontend\step.php on line 392
[06-Dec-2020 01:44:18 UTC] PHP Notice:  Undefined variable: search_term in D:\MAMP\htdocs\tulegaming\wp-content\themes\flatsome\functions.php on line 628
[06-Dec-2020 01:44:18 UTC] PHP Warning:  Parameter 2 to title_filter() expected to be a reference, value given in D:\MAMP\htdocs\tulegaming\wp-includes\class-wp-hook.php on line 287
[06-Dec-2020 01:44:18 UTC] PHP Notice:  Undefined variable: data in D:\MAMP\htdocs\tulegaming\wp-content\themes\flatsome\functions.php on line 722
[06-Dec-2020 01:44:18 UTC] PHP Warning:  Invalid argument supplied for foreach() in D:\MAMP\htdocs\tulegaming\wp-content\themes\flatsome\functions.php on line 722
[06-Dec-2020 01:45:23 UTC] PHP Notice:  Undefined variable: search_term in D:\MAMP\htdocs\tulegaming\wp-content\themes\flatsome\functions.php on line 628
[06-Dec-2020 01:45:23 UTC] PHP Warning:  Parameter 2 to title_filter() expected to be a reference, value given in D:\MAMP\htdocs\tulegaming\wp-includes\class-wp-hook.php on line 287
[06-Dec-2020 01:45:23 UTC] PHP Notice:  Undefined variable: data in D:\MAMP\htdocs\tulegaming\wp-content\themes\flatsome\functions.php on line 719
[06-Dec-2020 01:45:23 UTC] PHP Warning:  Invalid argument supplied for foreach() in D:\MAMP\htdocs\tulegaming\wp-content\themes\flatsome\functions.php on line 719
[06-Dec-2020 01:50:53 UTC] PHP Notice:  Undefined variable: search_term in D:\MAMP\htdocs\tulegaming\wp-content\themes\flatsome\functions.php on line 628
[06-Dec-2020 01:50:53 UTC] PHP Warning:  Parameter 2 to title_filter() expected to be a reference, value given in D:\MAMP\htdocs\tulegaming\wp-includes\class-wp-hook.php on line 287
[06-Dec-2020 01:50:53 UTC] PHP Notice:  Undefined variable: data in D:\MAMP\htdocs\tulegaming\wp-content\themes\flatsome\functions.php on line 719
[06-Dec-2020 01:50:53 UTC] PHP Warning:  Invalid argument supplied for foreach() in D:\MAMP\htdocs\tulegaming\wp-content\themes\flatsome\functions.php on line 719
[06-Dec-2020 01:51:20 UTC] PHP Notice:  Undefined variable: search_term in D:\MAMP\htdocs\tulegaming\wp-content\themes\flatsome\functions.php on line 628
[06-Dec-2020 01:51:20 UTC] PHP Warning:  Parameter 2 to title_filter() expected to be a reference, value given in D:\MAMP\htdocs\tulegaming\wp-includes\class-wp-hook.php on line 287
[06-Dec-2020 01:51:20 UTC] PHP Notice:  Undefined variable: data in D:\MAMP\htdocs\tulegaming\wp-content\themes\flatsome\functions.php on line 719
[06-Dec-2020 01:51:20 UTC] PHP Warning:  Invalid argument supplied for foreach() in D:\MAMP\htdocs\tulegaming\wp-content\themes\flatsome\functions.php on line 719
[06-Dec-2020 02:18:49 UTC] PHP Warning:  Parameter 2 to title_filter() expected to be a reference, value given in D:\MAMP\htdocs\tulegaming\wp-includes\class-wp-hook.php on line 287
[06-Dec-2020 02:18:49 UTC] PHP Notice:  Undefined variable: data in D:\MAMP\htdocs\tulegaming\wp-content\themes\flatsome\functions.php on line 719
[06-Dec-2020 02:18:49 UTC] PHP Warning:  Invalid argument supplied for foreach() in D:\MAMP\htdocs\tulegaming\wp-content\themes\flatsome\functions.php on line 719
[06-Dec-2020 02:19:30 UTC] PHP Warning:  Parameter 2 to title_filter() expected to be a reference, value given in D:\MAMP\htdocs\tulegaming\wp-includes\class-wp-hook.php on line 287
[06-Dec-2020 02:19:30 UTC] PHP Notice:  Undefined variable: data in D:\MAMP\htdocs\tulegaming\wp-content\themes\flatsome\functions.php on line 719
[06-Dec-2020 02:19:30 UTC] PHP Warning:  Invalid argument supplied for foreach() in D:\MAMP\htdocs\tulegaming\wp-content\themes\flatsome\functions.php on line 719
[06-Dec-2020 02:19:59 UTC] Cơ sở dữ liệu của WordPress gặp lỗi You have an error in your SQL syntax; check the manual that corresponds to your MySQL server version for the right syntax to use near ') GROUP BY p.ID ORDER BY p.post_date DESC' at line 1 với truy vấn SELECT p.ID FROM wp_posts AS p LEFT JOIN wp_term_relationships AS tr1 ON p.ID = tr1.object_id LEFT JOIN wp_term_taxonomy AS tt2 ON tt2.term_taxonomy_id = tr1.term_taxonomy_id WHERE p.post_type = 'product' AND p.post_status = 'publish' AND tt2.term_id IN ( ) GROUP BY p.ID ORDER BY p.post_date DESC  yêu cầu bởi require('wp-blog-header.php'), require_once('wp-includes/template-loader.php'), include('/plugins/woo-product-builder/templates/single-product-builder.php'), do_action('woocommerce_product_builder_single_content'), WP_Hook->do_action, WP_Hook->apply_filters, VI_WPRODUCTBUILDER_F_FrontEnd_Step->product_builder_content_single_page, VI_WPRODUCTBUILDER_F_Data->get_product_filters
[06-Dec-2020 02:19:59 UTC] PHP Notice:  Undefined index: sanphambuildpc in D:\MAMP\htdocs\tulegaming\wp-content\plugins\woo-product-builder\frontend\step.php on line 392
[06-Dec-2020 02:19:59 UTC] PHP Warning:  count(): Parameter must be an array or an object that implements Countable in D:\MAMP\htdocs\tulegaming\wp-content\plugins\woo-product-builder\frontend\step.php on line 392
[06-Dec-2020 02:23:34 UTC] PHP Warning:  Parameter 2 to title_filter() expected to be a reference, value given in D:\MAMP\htdocs\tulegaming\wp-includes\class-wp-hook.php on line 287
[06-Dec-2020 02:23:34 UTC] PHP Notice:  Undefined variable: data in D:\MAMP\htdocs\tulegaming\wp-content\themes\flatsome\functions.php on line 719
[06-Dec-2020 02:23:34 UTC] PHP Warning:  Invalid argument supplied for foreach() in D:\MAMP\htdocs\tulegaming\wp-content\themes\flatsome\functions.php on line 719
[06-Dec-2020 02:23:56 UTC] PHP Warning:  Parameter 2 to title_filter() expected to be a reference, value given in D:\MAMP\htdocs\tulegaming\wp-includes\class-wp-hook.php on line 287
[06-Dec-2020 02:23:56 UTC] PHP Notice:  Undefined variable: data in D:\MAMP\htdocs\tulegaming\wp-content\themes\flatsome\functions.php on line 719
[06-Dec-2020 02:23:56 UTC] PHP Warning:  Invalid argument supplied for foreach() in D:\MAMP\htdocs\tulegaming\wp-content\themes\flatsome\functions.php on line 719
[06-Dec-2020 02:24:39 UTC] PHP Warning:  Parameter 2 to title_filter() expected to be a reference, value given in D:\MAMP\htdocs\tulegaming\wp-includes\class-wp-hook.php on line 287
[06-Dec-2020 02:24:39 UTC] PHP Notice:  Undefined variable: posts in D:\MAMP\htdocs\tulegaming\wp-content\themes\flatsome\functions.php on line 626
[06-Dec-2020 02:24:39 UTC] PHP Fatal error:  Uncaught Error: Cannot use object of type WP_Post as array in D:\MAMP\htdocs\tulegaming\wp-content\themes\flatsome\functions.php:708
Stack trace:
#0 D:\MAMP\htdocs\tulegaming\wp-includes\class-wp-hook.php(287): timkiem('')
#1 D:\MAMP\htdocs\tulegaming\wp-includes\class-wp-hook.php(311): WP_Hook->apply_filters('', Array)
#2 D:\MAMP\htdocs\tulegaming\wp-includes\plugin.php(478): WP_Hook->do_action(Array)
#3 D:\MAMP\htdocs\tulegaming\wp-admin\custom-ajax.php(175): do_action('wp_ajax_timkiem')
#4 {main}
  thrown in D:\MAMP\htdocs\tulegaming\wp-content\themes\flatsome\functions.php on line 708
[06-Dec-2020 02:25:04 UTC] PHP Warning:  Parameter 2 to title_filter() expected to be a reference, value given in D:\MAMP\htdocs\tulegaming\wp-includes\class-wp-hook.php on line 287
[06-Dec-2020 02:25:04 UTC] PHP Notice:  Undefined variable: posts in D:\MAMP\htdocs\tulegaming\wp-content\themes\flatsome\functions.php on line 626
[06-Dec-2020 02:25:04 UTC] PHP Notice:  Undefined index: post_name in D:\MAMP\htdocs\tulegaming\wp-content\themes\flatsome\functions.php on line 708
[06-Dec-2020 02:25:04 UTC] PHP Notice:  Undefined index: ID in D:\MAMP\htdocs\tulegaming\wp-content\themes\flatsome\functions.php on line 710
[06-Dec-2020 02:25:04 UTC] PHP Notice:  Undefined index: post_name in D:\MAMP\htdocs\tulegaming\wp-content\themes\flatsome\functions.php on line 714
[06-Dec-2020 02:25:04 UTC] PHP Notice:  Undefined index: post_title in D:\MAMP\htdocs\tulegaming\wp-content\themes\flatsome\functions.php on line 714
[06-Dec-2020 02:25:04 UTC] PHP Notice:  Undefined index: ID in D:\MAMP\htdocs\tulegaming\wp-content\themes\flatsome\functions.php on line 736
[06-Dec-2020 02:25:04 UTC] PHP Fatal error:  Uncaught Error: Call to a member function get_price() on boolean in D:\MAMP\htdocs\tulegaming\wp-content\themes\flatsome\functions.php:736
Stack trace:
#0 D:\MAMP\htdocs\tulegaming\wp-includes\class-wp-hook.php(287): timkiem('')
#1 D:\MAMP\htdocs\tulegaming\wp-includes\class-wp-hook.php(311): WP_Hook->apply_filters('', Array)
#2 D:\MAMP\htdocs\tulegaming\wp-includes\plugin.php(478): WP_Hook->do_action(Array)
#3 D:\MAMP\htdocs\tulegaming\wp-admin\custom-ajax.php(175): do_action('wp_ajax_timkiem')
#4 {main}
  thrown in D:\MAMP\htdocs\tulegaming\wp-content\themes\flatsome\functions.php on line 736
[06-Dec-2020 02:25:40 UTC] PHP Warning:  Parameter 2 to title_filter() expected to be a reference, value given in D:\MAMP\htdocs\tulegaming\wp-includes\class-wp-hook.php on line 287
[06-Dec-2020 02:25:40 UTC] PHP Notice:  Undefined variable: posts in D:\MAMP\htdocs\tulegaming\wp-content\themes\flatsome\functions.php on line 626
[06-Dec-2020 02:25:40 UTC] PHP Fatal error:  Uncaught Error: Cannot use object of type WP_Post as array in D:\MAMP\htdocs\tulegaming\wp-content\themes\flatsome\functions.php:708
Stack trace:
#0 D:\MAMP\htdocs\tulegaming\wp-includes\class-wp-hook.php(287): timkiem('')
#1 D:\MAMP\htdocs\tulegaming\wp-includes\class-wp-hook.php(311): WP_Hook->apply_filters('', Array)
#2 D:\MAMP\htdocs\tulegaming\wp-includes\plugin.php(478): WP_Hook->do_action(Array)
#3 D:\MAMP\htdocs\tulegaming\wp-admin\custom-ajax.php(175): do_action('wp_ajax_timkiem')
#4 {main}
  thrown in D:\MAMP\htdocs\tulegaming\wp-content\themes\flatsome\functions.php on line 708
[06-Dec-2020 02:26:00 UTC] PHP Warning:  Parameter 2 to title_filter() expected to be a reference, value given in D:\MAMP\htdocs\tulegaming\wp-includes\class-wp-hook.php on line 287
[06-Dec-2020 02:26:00 UTC] PHP Notice:  Undefined variable: data in D:\MAMP\htdocs\tulegaming\wp-content\themes\flatsome\functions.php on line 703
[06-Dec-2020 02:26:00 UTC] PHP Warning:  Invalid argument supplied for foreach() in D:\MAMP\htdocs\tulegaming\wp-content\themes\flatsome\functions.php on line 703
[06-Dec-2020 02:26:35 UTC] PHP Warning:  Parameter 2 to title_filter() expected to be a reference, value given in D:\MAMP\htdocs\tulegaming\wp-includes\class-wp-hook.php on line 287
[06-Dec-2020 02:26:35 UTC] PHP Fatal error:  Uncaught Error: Cannot use object of type WP_Post as array in D:\MAMP\htdocs\tulegaming\wp-content\themes\flatsome\functions.php:708
Stack trace:
#0 D:\MAMP\htdocs\tulegaming\wp-includes\class-wp-hook.php(287): timkiem('')
#1 D:\MAMP\htdocs\tulegaming\wp-includes\class-wp-hook.php(311): WP_Hook->apply_filters('', Array)
#2 D:\MAMP\htdocs\tulegaming\wp-includes\plugin.php(478): WP_Hook->do_action(Array)
#3 D:\MAMP\htdocs\tulegaming\wp-admin\custom-ajax.php(175): do_action('wp_ajax_timkiem')
#4 {main}
  thrown in D:\MAMP\htdocs\tulegaming\wp-content\themes\flatsome\functions.php on line 708
[06-Dec-2020 02:29:15 UTC] PHP Warning:  Parameter 2 to title_filter() expected to be a reference, value given in D:\MAMP\htdocs\tulegaming\wp-includes\class-wp-hook.php on line 287
[06-Dec-2020 02:29:15 UTC] PHP Fatal error:  Uncaught Error: Call to undefined method WP_Post::post_name() in D:\MAMP\htdocs\tulegaming\wp-content\themes\flatsome\functions.php:708
Stack trace:
#0 D:\MAMP\htdocs\tulegaming\wp-includes\class-wp-hook.php(287): timkiem('')
#1 D:\MAMP\htdocs\tulegaming\wp-includes\class-wp-hook.php(311): WP_Hook->apply_filters('', Array)
#2 D:\MAMP\htdocs\tulegaming\wp-includes\plugin.php(478): WP_Hook->do_action(Array)
#3 D:\MAMP\htdocs\tulegaming\wp-admin\custom-ajax.php(175): do_action('wp_ajax_timkiem')
#4 {main}
  thrown in D:\MAMP\htdocs\tulegaming\wp-content\themes\flatsome\functions.php on line 708
[06-Dec-2020 02:29:44 UTC] PHP Warning:  Parameter 2 to title_filter() expected to be a reference, value given in D:\MAMP\htdocs\tulegaming\wp-includes\class-wp-hook.php on line 287
[06-Dec-2020 02:29:44 UTC] PHP Fatal error:  Uncaught Error: Cannot use object of type WP_Post as array in D:\MAMP\htdocs\tulegaming\wp-content\themes\flatsome\functions.php:734
Stack trace:
#0 D:\MAMP\htdocs\tulegaming\wp-includes\class-wp-hook.php(287): timkiem('')
#1 D:\MAMP\htdocs\tulegaming\wp-includes\class-wp-hook.php(311): WP_Hook->apply_filters('', Array)
#2 D:\MAMP\htdocs\tulegaming\wp-includes\plugin.php(478): WP_Hook->do_action(Array)
#3 D:\MAMP\htdocs\tulegaming\wp-admin\custom-ajax.php(175): do_action('wp_ajax_timkiem')
#4 {main}
  thrown in D:\MAMP\htdocs\tulegaming\wp-content\themes\flatsome\functions.php on line 734
[06-Dec-2020 02:35:03 UTC] PHP Warning:  Parameter 2 to title_filter() expected to be a reference, value given in D:\MAMP\htdocs\tulegaming\wp-includes\class-wp-hook.php on line 287
[06-Dec-2020 02:35:03 UTC] PHP Fatal error:  Uncaught Error: Cannot use object of type WP_Post as array in D:\MAMP\htdocs\tulegaming\wp-content\themes\flatsome\functions.php:708
Stack trace:
#0 D:\MAMP\htdocs\tulegaming\wp-includes\class-wp-hook.php(287): timkiem('')
#1 D:\MAMP\htdocs\tulegaming\wp-includes\class-wp-hook.php(311): WP_Hook->apply_filters('', Array)
#2 D:\MAMP\htdocs\tulegaming\wp-includes\plugin.php(478): WP_Hook->do_action(Array)
#3 D:\MAMP\htdocs\tulegaming\wp-admin\custom-ajax.php(175): do_action('wp_ajax_timkiem')
#4 {main}
  thrown in D:\MAMP\htdocs\tulegaming\wp-content\themes\flatsome\functions.php on line 708
[06-Dec-2020 02:36:43 UTC] PHP Warning:  Parameter 2 to title_filter() expected to be a reference, value given in D:\MAMP\htdocs\tulegaming\wp-includes\class-wp-hook.php on line 287
[06-Dec-2020 02:36:43 UTC] PHP Recoverable fatal error:  Object of class WP_Post could not be converted to string in D:\MAMP\htdocs\tulegaming\wp-content\themes\flatsome\functions.php on line 710
[06-Dec-2020 02:37:17 UTC] PHP Warning:  Parameter 2 to title_filter() expected to be a reference, value given in D:\MAMP\htdocs\tulegaming\wp-includes\class-wp-hook.php on line 287
[06-Dec-2020 02:37:17 UTC] PHP Recoverable fatal error:  Object of class WP_Post could not be converted to string in D:\MAMP\htdocs\tulegaming\wp-content\themes\flatsome\functions.php on line 710
[06-Dec-2020 02:37:51 UTC] PHP Warning:  Parameter 2 to title_filter() expected to be a reference, value given in D:\MAMP\htdocs\tulegaming\wp-includes\class-wp-hook.php on line 287
[06-Dec-2020 02:37:51 UTC] PHP Fatal error:  Uncaught Error: Cannot use object of type WP_Post as array in D:\MAMP\htdocs\tulegaming\wp-content\themes\flatsome\functions.php:735
Stack trace:
#0 D:\MAMP\htdocs\tulegaming\wp-includes\class-wp-hook.php(287): timkiem('')
#1 D:\MAMP\htdocs\tulegaming\wp-includes\class-wp-hook.php(311): WP_Hook->apply_filters('', Array)
#2 D:\MAMP\htdocs\tulegaming\wp-includes\plugin.php(478): WP_Hook->do_action(Array)
#3 D:\MAMP\htdocs\tulegaming\wp-admin\custom-ajax.php(175): do_action('wp_ajax_timkiem')
#4 {main}
  thrown in D:\MAMP\htdocs\tulegaming\wp-content\themes\flatsome\functions.php on line 735
[06-Dec-2020 02:38:43 UTC] PHP Warning:  Parameter 2 to title_filter() expected to be a reference, value given in D:\MAMP\htdocs\tulegaming\wp-includes\class-wp-hook.php on line 287
[06-Dec-2020 02:38:43 UTC] PHP Fatal error:  Uncaught Error: Cannot use object of type WP_Post as array in D:\MAMP\htdocs\tulegaming\wp-content\themes\flatsome\functions.php:738
Stack trace:
#0 D:\MAMP\htdocs\tulegaming\wp-includes\class-wp-hook.php(287): timkiem('')
#1 D:\MAMP\htdocs\tulegaming\wp-includes\class-wp-hook.php(311): WP_Hook->apply_filters('', Array)
#2 D:\MAMP\htdocs\tulegaming\wp-includes\plugin.php(478): WP_Hook->do_action(Array)
#3 D:\MAMP\htdocs\tulegaming\wp-admin\custom-ajax.php(175): do_action('wp_ajax_timkiem')
#4 {main}
  thrown in D:\MAMP\htdocs\tulegaming\wp-content\themes\flatsome\functions.php on line 738
[06-Dec-2020 02:39:19 UTC] PHP Warning:  Parameter 2 to title_filter() expected to be a reference, value given in D:\MAMP\htdocs\tulegaming\wp-includes\class-wp-hook.php on line 287
[06-Dec-2020 02:39:19 UTC] PHP Recoverable fatal error:  Object of class WP_Post could not be converted to string in D:\MAMP\htdocs\tulegaming\wp-content\themes\flatsome\functions.php on line 710
[06-Dec-2020 02:39:41 UTC] PHP Warning:  Parameter 2 to title_filter() expected to be a reference, value given in D:\MAMP\htdocs\tulegaming\wp-includes\class-wp-hook.php on line 287
[06-Dec-2020 02:40:00 UTC] PHP Warning:  Parameter 2 to title_filter() expected to be a reference, value given in D:\MAMP\htdocs\tulegaming\wp-includes\class-wp-hook.php on line 287
[06-Dec-2020 02:40:35 UTC] Cơ sở dữ liệu của WordPress gặp lỗi You have an error in your SQL syntax; check the manual that corresponds to your MySQL server version for the right syntax to use near ') GROUP BY p.ID ORDER BY p.post_date DESC' at line 1 với truy vấn SELECT p.ID FROM wp_posts AS p LEFT JOIN wp_term_relationships AS tr1 ON p.ID = tr1.object_id LEFT JOIN wp_term_taxonomy AS tt2 ON tt2.term_taxonomy_id = tr1.term_taxonomy_id WHERE p.post_type = 'product' AND p.post_status = 'publish' AND tt2.term_id IN ( ) GROUP BY p.ID ORDER BY p.post_date DESC  yêu cầu bởi require('wp-blog-header.php'), require_once('wp-includes/template-loader.php'), include('/plugins/woo-product-builder/templates/single-product-builder.php'), do_action('woocommerce_product_builder_single_content'), WP_Hook->do_action, WP_Hook->apply_filters, VI_WPRODUCTBUILDER_F_FrontEnd_Step->product_builder_content_single_page, VI_WPRODUCTBUILDER_F_Data->get_product_filters
[06-Dec-2020 02:40:35 UTC] PHP Notice:  Undefined index: sanphambuildpc in D:\MAMP\htdocs\tulegaming\wp-content\plugins\woo-product-builder\frontend\step.php on line 392
[06-Dec-2020 02:40:35 UTC] PHP Warning:  count(): Parameter must be an array or an object that implements Countable in D:\MAMP\htdocs\tulegaming\wp-content\plugins\woo-product-builder\frontend\step.php on line 392
[06-Dec-2020 02:40:43 UTC] PHP Warning:  Parameter 2 to title_filter() expected to be a reference, value given in D:\MAMP\htdocs\tulegaming\wp-includes\class-wp-hook.php on line 287
[06-Dec-2020 02:40:52 UTC] PHP Warning:  Parameter 2 to title_filter() expected to be a reference, value given in D:\MAMP\htdocs\tulegaming\wp-includes\class-wp-hook.php on line 287
[06-Dec-2020 02:40:52 UTC] PHP Notice:  Undefined offset: 0 in D:\MAMP\htdocs\tulegaming\wp-content\themes\flatsome\functions.php on line 625
[06-Dec-2020 02:40:52 UTC] PHP Notice:  Trying to get property 'ID' of non-object in D:\MAMP\htdocs\tulegaming\wp-content\themes\flatsome\functions.php on line 625
[06-Dec-2020 02:43:17 UTC] PHP Warning:  Parameter 2 to title_filter() expected to be a reference, value given in D:\MAMP\htdocs\tulegaming\wp-includes\class-wp-hook.php on line 287
[06-Dec-2020 02:43:25 UTC] PHP Warning:  Parameter 2 to title_filter() expected to be a reference, value given in D:\MAMP\htdocs\tulegaming\wp-includes\class-wp-hook.php on line 287
[06-Dec-2020 02:43:25 UTC] PHP Notice:  Undefined offset: 0 in D:\MAMP\htdocs\tulegaming\wp-content\themes\flatsome\functions.php on line 613
[06-Dec-2020 02:43:25 UTC] PHP Notice:  Trying to get property 'ID' of non-object in D:\MAMP\htdocs\tulegaming\wp-content\themes\flatsome\functions.php on line 613
[06-Dec-2020 02:43:34 UTC] PHP Warning:  Parameter 2 to title_filter() expected to be a reference, value given in D:\MAMP\htdocs\tulegaming\wp-includes\class-wp-hook.php on line 287
[06-Dec-2020 07:08:05 UTC] Cơ sở dữ liệu của WordPress gặp lỗi You have an error in your SQL syntax; check the manual that corresponds to your MySQL server version for the right syntax to use near ') GROUP BY p.ID ORDER BY p.post_date DESC' at line 1 với truy vấn SELECT p.ID FROM wp_posts AS p LEFT JOIN wp_term_relationships AS tr1 ON p.ID = tr1.object_id LEFT JOIN wp_term_taxonomy AS tt2 ON tt2.term_taxonomy_id = tr1.term_taxonomy_id WHERE p.post_type = 'product' AND p.post_status = 'publish' AND tt2.term_id IN ( ) GROUP BY p.ID ORDER BY p.post_date DESC  yêu cầu bởi require('wp-blog-header.php'), require_once('wp-includes/template-loader.php'), include('/plugins/woo-product-builder/templates/single-product-builder.php'), do_action('woocommerce_product_builder_single_content'), WP_Hook->do_action, WP_Hook->apply_filters, VI_WPRODUCTBUILDER_F_FrontEnd_Step->product_builder_content_single_page, VI_WPRODUCTBUILDER_F_Data->get_product_filters
[06-Dec-2020 07:08:05 UTC] PHP Notice:  Undefined index: sanphambuildpc in D:\MAMP\htdocs\tulegaming\wp-content\plugins\woo-product-builder\frontend\step.php on line 392
[06-Dec-2020 07:08:05 UTC] PHP Warning:  count(): Parameter must be an array or an object that implements Countable in D:\MAMP\htdocs\tulegaming\wp-content\plugins\woo-product-builder\frontend\step.php on line 392
[06-Dec-2020 07:08:06 UTC] PHP Warning:  Parameter 2 to title_filter() expected to be a reference, value given in D:\MAMP\htdocs\tulegaming\wp-includes\class-wp-hook.php on line 287
[06-Dec-2020 07:08:50 UTC] PHP Warning:  Parameter 2 to title_filter() expected to be a reference, value given in D:\MAMP\htdocs\tulegaming\wp-includes\class-wp-hook.php on line 287
[06-Dec-2020 07:08:55 UTC] PHP Notice:  Undefined index: sanphambuildpc in D:\MAMP\htdocs\tulegaming\wp-content\themes\flatsome\functions.php on line 297
[06-Dec-2020 07:08:55 UTC] PHP Warning:  count(): Parameter must be an array or an object that implements Countable in D:\MAMP\htdocs\tulegaming\wp-content\themes\flatsome\functions.php on line 297
[06-Dec-2020 07:28:46 UTC] PHP Notice:  Undefined index: sanphambuildpc in D:\MAMP\htdocs\tulegaming\wp-content\themes\flatsome\page-html-to-image.php on line 32
[06-Dec-2020 07:28:46 UTC] PHP Warning:  count(): Parameter must be an array or an object that implements Countable in D:\MAMP\htdocs\tulegaming\wp-content\themes\flatsome\page-html-to-image.php on line 32
[06-Dec-2020 07:29:18 UTC] Cơ sở dữ liệu của WordPress gặp lỗi You have an error in your SQL syntax; check the manual that corresponds to your MySQL server version for the right syntax to use near ') GROUP BY p.ID ORDER BY p.post_date DESC' at line 1 với truy vấn SELECT p.ID FROM wp_posts AS p LEFT JOIN wp_term_relationships AS tr1 ON p.ID = tr1.object_id LEFT JOIN wp_term_taxonomy AS tt2 ON tt2.term_taxonomy_id = tr1.term_taxonomy_id WHERE p.post_type = 'product' AND p.post_status = 'publish' AND tt2.term_id IN ( ) GROUP BY p.ID ORDER BY p.post_date DESC  yêu cầu bởi require('wp-blog-header.php'), require_once('wp-includes/template-loader.php'), include('/plugins/woo-product-builder/templates/single-product-builder.php'), do_action('woocommerce_product_builder_single_content'), WP_Hook->do_action, WP_Hook->apply_filters, VI_WPRODUCTBUILDER_F_FrontEnd_Step->product_builder_content_single_page, VI_WPRODUCTBUILDER_F_Data->get_product_filters
[06-Dec-2020 07:29:18 UTC] PHP Notice:  Undefined index: sanphambuildpc in D:\MAMP\htdocs\tulegaming\wp-content\plugins\woo-product-builder\frontend\step.php on line 392
[06-Dec-2020 07:29:18 UTC] PHP Warning:  count(): Parameter must be an array or an object that implements Countable in D:\MAMP\htdocs\tulegaming\wp-content\plugins\woo-product-builder\frontend\step.php on line 392
[06-Dec-2020 07:29:41 UTC] PHP Warning:  number_format() expects parameter 1 to be float, string given in D:\MAMP\htdocs\tulegaming\wp-content\themes\flatsome\functions.php on line 161
[06-Dec-2020 07:36:16 UTC] PHP Warning:  Parameter 2 to title_filter() expected to be a reference, value given in D:\MAMP\htdocs\tulegaming\wp-includes\class-wp-hook.php on line 287
[06-Dec-2020 07:36:25 UTC] PHP Warning:  Parameter 2 to title_filter() expected to be a reference, value given in D:\MAMP\htdocs\tulegaming\wp-includes\class-wp-hook.php on line 287
[06-Dec-2020 07:39:33 UTC] Cơ sở dữ liệu của WordPress gặp lỗi You have an error in your SQL syntax; check the manual that corresponds to your MySQL server version for the right syntax to use near ') GROUP BY p.ID ORDER BY p.post_date DESC' at line 1 với truy vấn SELECT p.ID FROM wp_posts AS p LEFT JOIN wp_term_relationships AS tr1 ON p.ID = tr1.object_id LEFT JOIN wp_term_taxonomy AS tt2 ON tt2.term_taxonomy_id = tr1.term_taxonomy_id WHERE p.post_type = 'product' AND p.post_status = 'publish' AND tt2.term_id IN ( ) GROUP BY p.ID ORDER BY p.post_date DESC  yêu cầu bởi require('wp-blog-header.php'), require_once('wp-includes/template-loader.php'), include('/plugins/woo-product-builder/templates/single-product-builder.php'), do_action('woocommerce_product_builder_single_content'), WP_Hook->do_action, WP_Hook->apply_filters, VI_WPRODUCTBUILDER_F_FrontEnd_Step->product_builder_content_single_page, VI_WPRODUCTBUILDER_F_Data->get_product_filters
[06-Dec-2020 07:39:33 UTC] PHP Notice:  Undefined index: sanphambuildpc in D:\MAMP\htdocs\tulegaming\wp-content\plugins\woo-product-builder\frontend\step.php on line 392
[06-Dec-2020 07:39:33 UTC] PHP Warning:  count(): Parameter must be an array or an object that implements Countable in D:\MAMP\htdocs\tulegaming\wp-content\plugins\woo-product-builder\frontend\step.php on line 392
[06-Dec-2020 07:39:50 UTC] PHP Warning:  Parameter 2 to title_filter() expected to be a reference, value given in D:\MAMP\htdocs\tulegaming\wp-includes\class-wp-hook.php on line 287
[06-Dec-2020 07:39:57 UTC] PHP Warning:  Parameter 2 to title_filter() expected to be a reference, value given in D:\MAMP\htdocs\tulegaming\wp-includes\class-wp-hook.php on line 287
[06-Dec-2020 07:40:09 UTC] PHP Warning:  Parameter 2 to title_filter() expected to be a reference, value given in D:\MAMP\htdocs\tulegaming\wp-includes\class-wp-hook.php on line 287
[06-Dec-2020 07:40:37 UTC] PHP Warning:  Parameter 2 to title_filter() expected to be a reference, value given in D:\MAMP\htdocs\tulegaming\wp-includes\class-wp-hook.php on line 287
[06-Dec-2020 07:40:43 UTC] PHP Warning:  Parameter 2 to title_filter() expected to be a reference, value given in D:\MAMP\htdocs\tulegaming\wp-includes\class-wp-hook.php on line 287
[06-Dec-2020 07:40:43 UTC] PHP Warning:  number_format() expects parameter 1 to be float, string given in D:\MAMP\htdocs\tulegaming\wp-content\themes\flatsome\functions.php on line 720
[06-Dec-2020 07:40:47 UTC] PHP Warning:  Parameter 2 to title_filter() expected to be a reference, value given in D:\MAMP\htdocs\tulegaming\wp-includes\class-wp-hook.php on line 287
[06-Dec-2020 07:40:47 UTC] PHP Warning:  number_format() expects parameter 1 to be float, string given in D:\MAMP\htdocs\tulegaming\wp-content\themes\flatsome\functions.php on line 720
[06-Dec-2020 07:40:57 UTC] PHP Warning:  Parameter 2 to title_filter() expected to be a reference, value given in D:\MAMP\htdocs\tulegaming\wp-includes\class-wp-hook.php on line 287
[06-Dec-2020 07:41:12 UTC] PHP Warning:  Parameter 2 to title_filter() expected to be a reference, value given in D:\MAMP\htdocs\tulegaming\wp-includes\class-wp-hook.php on line 287
[06-Dec-2020 07:42:05 UTC] PHP Warning:  Parameter 2 to title_filter() expected to be a reference, value given in D:\MAMP\htdocs\tulegaming\wp-includes\class-wp-hook.php on line 287
[06-Dec-2020 07:42:15 UTC] PHP Warning:  Parameter 2 to title_filter() expected to be a reference, value given in D:\MAMP\htdocs\tulegaming\wp-includes\class-wp-hook.php on line 287
[06-Dec-2020 07:42:57 UTC] PHP Warning:  Parameter 2 to title_filter() expected to be a reference, value given in D:\MAMP\htdocs\tulegaming\wp-includes\class-wp-hook.php on line 287
[06-Dec-2020 07:43:03 UTC] PHP Warning:  Parameter 2 to title_filter() expected to be a reference, value given in D:\MAMP\htdocs\tulegaming\wp-includes\class-wp-hook.php on line 287
[06-Dec-2020 07:43:09 UTC] PHP Warning:  Parameter 2 to title_filter() expected to be a reference, value given in D:\MAMP\htdocs\tulegaming\wp-includes\class-wp-hook.php on line 287
[06-Dec-2020 07:43:15 UTC] PHP Warning:  Parameter 2 to title_filter() expected to be a reference, value given in D:\MAMP\htdocs\tulegaming\wp-includes\class-wp-hook.php on line 287
[06-Dec-2020 07:43:20 UTC] PHP Warning:  Parameter 2 to title_filter() expected to be a reference, value given in D:\MAMP\htdocs\tulegaming\wp-includes\class-wp-hook.php on line 287
[06-Dec-2020 07:43:24 UTC] PHP Warning:  Parameter 2 to title_filter() expected to be a reference, value given in D:\MAMP\htdocs\tulegaming\wp-includes\class-wp-hook.php on line 287
