2020-11-26T12:23:30+00:00 CRITICAL syntax error, unexpected 'for' (T_FOR) in D:\MAMP\htdocs\tulegaming\wp-content\themes\flatsome\functions.php on line 496

2020-11-26T12:32:41+00:00 CRITICAL syntax error, unexpected 'for' (T_FOR) in D:\MAMP\htdocs\tulegaming\wp-content\themes\flatsome\functions.php on line 498

2020-11-26T12:43:50+00:00 CRITICAL syntax error, unexpected 'for' (T_FOR) in D:\MAMP\htdocs\tulegaming\wp-content\themes\flatsome\functions.php on line 498

2020-11-26T12:46:31+00:00 CRITICAL syntax error, unexpected 'for' (T_FOR) in D:\MAMP\htdocs\tulegaming\wp-content\themes\flatsome\functions.php on line 498

2020-11-26T12:46:34+00:00 CRITICAL syntax error, unexpected 'for' (T_FOR) in D:\MAMP\htdocs\tulegaming\wp-content\themes\flatsome\functions.php on line 498

2020-11-26T12:51:56+00:00 CRITICAL syntax error, unexpected 'for' (T_FOR) in D:\MAMP\htdocs\tulegaming\wp-content\themes\flatsome\functions.php on line 499

2020-11-26T12:52:03+00:00 CRITICAL syntax error, unexpected 'for' (T_FOR) in D:\MAMP\htdocs\tulegaming\wp-content\themes\flatsome\functions.php on line 499

2020-11-26T12:52:05+00:00 CRITICAL syntax error, unexpected 'for' (T_FOR) in D:\MAMP\htdocs\tulegaming\wp-content\themes\flatsome\functions.php on line 499

2020-11-26T13:03:40+00:00 CRITICAL syntax error, unexpected 'for' (T_FOR) in D:\MAMP\htdocs\tulegaming\wp-content\themes\flatsome\functions.php on line 499

2020-11-26T13:05:40+00:00 CRITICAL syntax error, unexpected 'for' (T_FOR) in D:\MAMP\htdocs\tulegaming\wp-content\themes\flatsome\functions.php on line 499

2020-11-26T13:07:42+00:00 CRITICAL syntax error, unexpected 'for' (T_FOR) in D:\MAMP\htdocs\tulegaming\wp-content\themes\flatsome\functions.php on line 499

2020-11-26T13:11:11+00:00 CRITICAL syntax error, unexpected 'for' (T_FOR) in D:\MAMP\htdocs\tulegaming\wp-content\themes\flatsome\functions.php on line 499

2020-11-26T13:11:14+00:00 CRITICAL syntax error, unexpected 'for' (T_FOR) in D:\MAMP\htdocs\tulegaming\wp-content\themes\flatsome\functions.php on line 499

2020-11-26T13:52:03+00:00 CRITICAL syntax error, unexpected 'for' (T_FOR) in D:\MAMP\htdocs\tulegaming\wp-content\themes\flatsome\functions.php on line 499

2020-11-26T13:54:03+00:00 CRITICAL syntax error, unexpected 'for' (T_FOR) in D:\MAMP\htdocs\tulegaming\wp-content\themes\flatsome\functions.php on line 499

2020-11-26T13:56:04+00:00 CRITICAL syntax error, unexpected 'for' (T_FOR) in D:\MAMP\htdocs\tulegaming\wp-content\themes\flatsome\functions.php on line 499

2020-11-26T13:58:04+00:00 CRITICAL syntax error, unexpected ';' in D:\MAMP\htdocs\tulegaming\wp-content\themes\flatsome\functions.php on line 499

2020-11-26T14:00:06+00:00 CRITICAL syntax error, unexpected ';' in D:\MAMP\htdocs\tulegaming\wp-content\themes\flatsome\functions.php on line 499

2020-11-26T14:02:07+00:00 CRITICAL syntax error, unexpected 'for' (T_FOR) in D:\MAMP\htdocs\tulegaming\wp-content\themes\flatsome\functions.php on line 501

2020-11-26T14:03:15+00:00 CRITICAL syntax error, unexpected 'echo' (T_ECHO) in D:\MAMP\htdocs\tulegaming\wp-content\themes\flatsome\functions.php on line 540

2020-11-26T14:03:15+00:00 CRITICAL syntax error, unexpected 'echo' (T_ECHO) in D:\MAMP\htdocs\tulegaming\wp-content\themes\flatsome\functions.php on line 540

2020-11-26T14:04:07+00:00 CRITICAL syntax error, unexpected 'echo' (T_ECHO) in D:\MAMP\htdocs\tulegaming\wp-content\themes\flatsome\functions.php on line 540

2020-11-26T14:04:59+00:00 CRITICAL syntax error, unexpected 'echo' (T_ECHO) in D:\MAMP\htdocs\tulegaming\wp-content\themes\flatsome\functions.php on line 540

2020-11-26T14:04:59+00:00 CRITICAL syntax error, unexpected 'echo' (T_ECHO) in D:\MAMP\htdocs\tulegaming\wp-content\themes\flatsome\functions.php on line 540

2020-11-26T14:05:31+00:00 CRITICAL syntax error, unexpected 'echo' (T_ECHO) in D:\MAMP\htdocs\tulegaming\wp-content\themes\flatsome\functions.php on line 540

2020-11-26T14:05:31+00:00 CRITICAL syntax error, unexpected 'echo' (T_ECHO) in D:\MAMP\htdocs\tulegaming\wp-content\themes\flatsome\functions.php on line 540

2020-11-26T14:06:09+00:00 CRITICAL syntax error, unexpected '}', expecting end of file in D:\MAMP\htdocs\tulegaming\wp-content\themes\flatsome\functions.php on line 588

2020-11-26T14:06:10+00:00 CRITICAL syntax error, unexpected '}', expecting end of file in D:\MAMP\htdocs\tulegaming\wp-content\themes\flatsome\functions.php on line 588

2020-11-26T14:06:10+00:00 CRITICAL syntax error, unexpected '}', expecting end of file in D:\MAMP\htdocs\tulegaming\wp-content\themes\flatsome\functions.php on line 588

2020-11-26T14:07:13+00:00 CRITICAL syntax error, unexpected '}', expecting end of file in D:\MAMP\htdocs\tulegaming\wp-content\themes\flatsome\functions.php on line 588

2020-11-26T14:07:13+00:00 CRITICAL syntax error, unexpected '}', expecting end of file in D:\MAMP\htdocs\tulegaming\wp-content\themes\flatsome\functions.php on line 588

2020-11-26T14:07:22+00:00 CRITICAL syntax error, unexpected '}', expecting end of file in D:\MAMP\htdocs\tulegaming\wp-content\themes\flatsome\functions.php on line 588

2020-11-26T14:07:23+00:00 CRITICAL syntax error, unexpected '}', expecting end of file in D:\MAMP\htdocs\tulegaming\wp-content\themes\flatsome\functions.php on line 588

2020-11-26T14:08:02+00:00 CRITICAL syntax error, unexpected '}', expecting end of file in D:\MAMP\htdocs\tulegaming\wp-content\themes\flatsome\functions.php on line 587

2020-11-26T14:08:03+00:00 CRITICAL syntax error, unexpected '}', expecting end of file in D:\MAMP\htdocs\tulegaming\wp-content\themes\flatsome\functions.php on line 587

2020-11-26T14:08:09+00:00 CRITICAL syntax error, unexpected '}', expecting end of file in D:\MAMP\htdocs\tulegaming\wp-content\themes\flatsome\functions.php on line 587

2020-11-26T14:24:14+00:00 CRITICAL syntax error, unexpected 'for' (T_FOR) in D:\MAMP\htdocs\tulegaming\wp-content\themes\flatsome\functions.php on line 501

2020-11-26T14:26:15+00:00 CRITICAL syntax error, unexpected ';' in D:\MAMP\htdocs\tulegaming\wp-content\themes\flatsome\functions.php on line 495

2020-11-26T14:28:15+00:00 CRITICAL syntax error, unexpected ';' in D:\MAMP\htdocs\tulegaming\wp-content\themes\flatsome\functions.php on line 495

2020-11-26T14:30:16+00:00 CRITICAL syntax error, unexpected ';' in D:\MAMP\htdocs\tulegaming\wp-content\themes\flatsome\functions.php on line 495

2020-11-26T14:32:18+00:00 CRITICAL syntax error, unexpected ';' in D:\MAMP\htdocs\tulegaming\wp-content\themes\flatsome\functions.php on line 495

2020-11-26T14:34:19+00:00 CRITICAL syntax error, unexpected ';' in D:\MAMP\htdocs\tulegaming\wp-content\themes\flatsome\functions.php on line 495

2020-11-26T14:36:20+00:00 CRITICAL syntax error, unexpected ';' in D:\MAMP\htdocs\tulegaming\wp-content\themes\flatsome\functions.php on line 495

2020-11-26T14:38:21+00:00 CRITICAL syntax error, unexpected ';' in D:\MAMP\htdocs\tulegaming\wp-content\themes\flatsome\functions.php on line 495

2020-11-26T14:39:05+00:00 CRITICAL syntax error, unexpected ';' in D:\MAMP\htdocs\tulegaming\wp-content\themes\flatsome\functions.php on line 495

2020-11-26T14:39:05+00:00 CRITICAL syntax error, unexpected ';' in D:\MAMP\htdocs\tulegaming\wp-content\themes\flatsome\functions.php on line 495

2020-11-26T14:40:01+00:00 CRITICAL syntax error, unexpected ';' in D:\MAMP\htdocs\tulegaming\wp-content\themes\flatsome\functions.php on line 495

2020-11-26T14:40:01+00:00 CRITICAL syntax error, unexpected ';' in D:\MAMP\htdocs\tulegaming\wp-content\themes\flatsome\functions.php on line 495

2020-11-26T14:40:21+00:00 CRITICAL syntax error, unexpected ';' in D:\MAMP\htdocs\tulegaming\wp-content\themes\flatsome\functions.php on line 495

2020-11-26T14:40:35+00:00 CRITICAL syntax error, unexpected ';' in D:\MAMP\htdocs\tulegaming\wp-content\themes\flatsome\functions.php on line 495

2020-11-26T14:40:36+00:00 CRITICAL syntax error, unexpected ';' in D:\MAMP\htdocs\tulegaming\wp-content\themes\flatsome\functions.php on line 495

2020-11-26T14:42:23+00:00 CRITICAL syntax error, unexpected ';' in D:\MAMP\htdocs\tulegaming\wp-content\themes\flatsome\functions.php on line 494

2020-11-26T14:42:25+00:00 CRITICAL syntax error, unexpected ';' in D:\MAMP\htdocs\tulegaming\wp-content\themes\flatsome\functions.php on line 494

2020-11-26T14:42:26+00:00 CRITICAL syntax error, unexpected ';' in D:\MAMP\htdocs\tulegaming\wp-content\themes\flatsome\functions.php on line 494

2020-11-26T14:43:06+00:00 CRITICAL syntax error, unexpected ';' in D:\MAMP\htdocs\tulegaming\wp-content\themes\flatsome\functions.php on line 494

2020-11-26T14:43:06+00:00 CRITICAL syntax error, unexpected ';' in D:\MAMP\htdocs\tulegaming\wp-content\themes\flatsome\functions.php on line 494

2020-11-26T14:44:23+00:00 CRITICAL syntax error, unexpected ';' in D:\MAMP\htdocs\tulegaming\wp-content\themes\flatsome\functions.php on line 492

2020-11-26T14:46:25+00:00 CRITICAL syntax error, unexpected ';' in D:\MAMP\htdocs\tulegaming\wp-content\themes\flatsome\functions.php on line 492

2020-11-26T14:46:50+00:00 CRITICAL syntax error, unexpected ';' in D:\MAMP\htdocs\tulegaming\wp-content\themes\flatsome\functions.php on line 492

2020-11-26T14:46:51+00:00 CRITICAL syntax error, unexpected ';' in D:\MAMP\htdocs\tulegaming\wp-content\themes\flatsome\functions.php on line 492

2020-11-26T14:47:47+00:00 CRITICAL syntax error, unexpected ';' in D:\MAMP\htdocs\tulegaming\wp-content\themes\flatsome\functions.php on line 492

2020-11-26T14:47:48+00:00 CRITICAL syntax error, unexpected ';' in D:\MAMP\htdocs\tulegaming\wp-content\themes\flatsome\functions.php on line 492

2020-11-26T14:48:25+00:00 CRITICAL syntax error, unexpected ';' in D:\MAMP\htdocs\tulegaming\wp-content\themes\flatsome\functions.php on line 492

2020-11-26T14:50:26+00:00 CRITICAL syntax error, unexpected ';' in D:\MAMP\htdocs\tulegaming\wp-content\themes\flatsome\functions.php on line 492

2020-11-26T14:51:13+00:00 CRITICAL syntax error, unexpected ';' in D:\MAMP\htdocs\tulegaming\wp-content\themes\flatsome\functions.php on line 492

2020-11-26T14:51:14+00:00 CRITICAL syntax error, unexpected ';' in D:\MAMP\htdocs\tulegaming\wp-content\themes\flatsome\functions.php on line 492

2020-11-26T14:52:16+00:00 CRITICAL syntax error, unexpected '}' in D:\MAMP\htdocs\tulegaming\wp-content\themes\flatsome\functions.php on line 494

2020-11-26T14:52:17+00:00 CRITICAL syntax error, unexpected '}' in D:\MAMP\htdocs\tulegaming\wp-content\themes\flatsome\functions.php on line 494

2020-11-26T14:52:27+00:00 CRITICAL syntax error, unexpected '}' in D:\MAMP\htdocs\tulegaming\wp-content\themes\flatsome\functions.php on line 494

2020-11-26T14:54:19+00:00 CRITICAL syntax error, unexpected ';' in D:\MAMP\htdocs\tulegaming\wp-content\themes\flatsome\functions.php on line 492

2020-11-26T14:54:20+00:00 CRITICAL syntax error, unexpected ';' in D:\MAMP\htdocs\tulegaming\wp-content\themes\flatsome\functions.php on line 492

2020-11-26T14:54:28+00:00 CRITICAL syntax error, unexpected ';' in D:\MAMP\htdocs\tulegaming\wp-content\themes\flatsome\functions.php on line 492

2020-11-26T14:54:46+00:00 CRITICAL syntax error, unexpected ';' in D:\MAMP\htdocs\tulegaming\wp-content\themes\flatsome\functions.php on line 492

2020-11-26T14:54:46+00:00 CRITICAL syntax error, unexpected ';' in D:\MAMP\htdocs\tulegaming\wp-content\themes\flatsome\functions.php on line 492

2020-11-26T14:55:23+00:00 CRITICAL syntax error, unexpected ';' in D:\MAMP\htdocs\tulegaming\wp-content\themes\flatsome\functions.php on line 492

2020-11-26T14:55:24+00:00 CRITICAL syntax error, unexpected ';' in D:\MAMP\htdocs\tulegaming\wp-content\themes\flatsome\functions.php on line 492

2020-11-26T14:55:34+00:00 CRITICAL syntax error, unexpected ';' in D:\MAMP\htdocs\tulegaming\wp-content\themes\flatsome\functions.php on line 492

2020-11-26T14:55:34+00:00 CRITICAL syntax error, unexpected ';' in D:\MAMP\htdocs\tulegaming\wp-content\themes\flatsome\functions.php on line 492

2020-11-26T14:55:46+00:00 CRITICAL syntax error, unexpected ';' in D:\MAMP\htdocs\tulegaming\wp-content\themes\flatsome\functions.php on line 492

2020-11-26T14:55:47+00:00 CRITICAL syntax error, unexpected ';' in D:\MAMP\htdocs\tulegaming\wp-content\themes\flatsome\functions.php on line 492

2020-11-26T14:57:18+00:00 CRITICAL syntax error, unexpected ';' in D:\MAMP\htdocs\tulegaming\wp-content\themes\flatsome\functions.php on line 492

2020-11-26T14:57:19+00:00 CRITICAL syntax error, unexpected ';' in D:\MAMP\htdocs\tulegaming\wp-content\themes\flatsome\functions.php on line 492

2020-11-26T14:58:11+00:00 CRITICAL syntax error, unexpected '}' in D:\MAMP\htdocs\tulegaming\wp-content\themes\flatsome\functions.php on line 494

2020-11-26T14:58:12+00:00 CRITICAL syntax error, unexpected '}' in D:\MAMP\htdocs\tulegaming\wp-content\themes\flatsome\functions.php on line 494

2020-11-26T14:58:30+00:00 CRITICAL syntax error, unexpected ';' in D:\MAMP\htdocs\tulegaming\wp-content\themes\flatsome\functions.php on line 492

2020-11-26T14:59:37+00:00 CRITICAL syntax error, unexpected ';' in D:\MAMP\htdocs\tulegaming\wp-content\themes\flatsome\functions.php on line 493

2020-11-26T14:59:38+00:00 CRITICAL syntax error, unexpected ';' in D:\MAMP\htdocs\tulegaming\wp-content\themes\flatsome\functions.php on line 493

2020-11-26T15:00:05+00:00 CRITICAL syntax error, unexpected ';' in D:\MAMP\htdocs\tulegaming\wp-content\themes\flatsome\functions.php on line 493

2020-11-26T15:00:31+00:00 CRITICAL syntax error, unexpected ';' in D:\MAMP\htdocs\tulegaming\wp-content\themes\flatsome\functions.php on line 492

2020-11-26T15:01:01+00:00 CRITICAL syntax error, unexpected ';' in D:\MAMP\htdocs\tulegaming\wp-content\themes\flatsome\functions.php on line 492

2020-11-26T15:01:01+00:00 CRITICAL syntax error, unexpected ';' in D:\MAMP\htdocs\tulegaming\wp-content\themes\flatsome\functions.php on line 492

2020-11-26T15:06:34+00:00 CRITICAL syntax error, unexpected ';' in D:\MAMP\htdocs\tulegaming\wp-content\themes\flatsome\functions.php on line 492

2020-11-26T15:42:52+00:00 CRITICAL syntax error, unexpected '$array_product' (T_VARIABLE) in D:\MAMP\htdocs\tulegaming\wp-content\themes\flatsome\functions.php on line 556

2020-11-26T15:50:57+00:00 CRITICAL syntax error, unexpected '$', expecting ')' in D:\MAMP\htdocs\tulegaming\wp-content\themes\flatsome\functions.php on line 543

2020-11-26T15:54:32+00:00 CRITICAL syntax error, unexpected '=>' (T_DOUBLE_ARROW) in D:\MAMP\htdocs\tulegaming\wp-content\themes\flatsome\functions.php on line 503

2020-11-26T15:54:32+00:00 CRITICAL syntax error, unexpected '=>' (T_DOUBLE_ARROW) in D:\MAMP\htdocs\tulegaming\wp-content\themes\flatsome\functions.php on line 503

2020-11-26T16:01:02+00:00 CRITICAL syntax error, unexpected '}', expecting ';' or ',' in D:\MAMP\htdocs\tulegaming\wp-content\themes\flatsome\functions.php on line 545

2020-11-26T16:01:04+00:00 CRITICAL syntax error, unexpected '}', expecting ';' or ',' in D:\MAMP\htdocs\tulegaming\wp-content\themes\flatsome\functions.php on line 545

2020-11-26T16:01:05+00:00 CRITICAL syntax error, unexpected '}', expecting ';' or ',' in D:\MAMP\htdocs\tulegaming\wp-content\themes\flatsome\functions.php on line 545

2020-11-26T16:25:06+00:00 CRITICAL syntax error, unexpected ',' in D:\MAMP\htdocs\tulegaming\wp-content\themes\flatsome\functions.php on line 527

2020-11-26T16:25:06+00:00 CRITICAL syntax error, unexpected ',' in D:\MAMP\htdocs\tulegaming\wp-content\themes\flatsome\functions.php on line 527

2020-11-26T16:25:14+00:00 CRITICAL syntax error, unexpected ',' in D:\MAMP\htdocs\tulegaming\wp-content\themes\flatsome\functions.php on line 527

2020-11-26T16:27:37+00:00 CRITICAL syntax error, unexpected ',' in D:\MAMP\htdocs\tulegaming\wp-content\themes\flatsome\functions.php on line 527

2020-11-26T16:27:37+00:00 CRITICAL syntax error, unexpected ',' in D:\MAMP\htdocs\tulegaming\wp-content\themes\flatsome\functions.php on line 527

2020-11-26T16:31:17+00:00 CRITICAL syntax error, unexpected ',' in D:\MAMP\htdocs\tulegaming\wp-content\themes\flatsome\functions.php on line 527

2020-11-26T16:40:11+00:00 CRITICAL syntax error, unexpected 'echo' (T_ECHO) in D:\MAMP\htdocs\tulegaming\wp-content\themes\flatsome\functions.php on line 516

2020-11-26T16:40:12+00:00 CRITICAL syntax error, unexpected 'echo' (T_ECHO) in D:\MAMP\htdocs\tulegaming\wp-content\themes\flatsome\functions.php on line 516

2020-11-26T16:40:19+00:00 CRITICAL syntax error, unexpected ';', expecting ')' in D:\MAMP\htdocs\tulegaming\wp-content\themes\flatsome\functions.php on line 516

2020-11-26T16:40:20+00:00 CRITICAL syntax error, unexpected ';', expecting ')' in D:\MAMP\htdocs\tulegaming\wp-content\themes\flatsome\functions.php on line 516

