2020-10-30T14:13:28+00:00 CRITICAL Uncaught Error: Call to undefined method WC_Product_Simple::get_postname() in /volume2/web/tulegaming/wp-content/themes/flatsome/functions.php:620
Stack trace:
#0 /volume2/web/tulegaming/wp-includes/class-wp-hook.php(287): example_ajax_request('')
#1 /volume2/web/tulegaming/wp-includes/class-wp-hook.php(311): WP_Hook->apply_filters('', Array)
#2 /volume2/web/tulegaming/wp-includes/plugin.php(478): WP_Hook->do_action(Array)
#3 /volume2/web/tulegaming/wp-admin/admin-ajax.php(175): do_action('wp_ajax_example...')
#4 {main}
  thrown in /volume2/web/tulegaming/wp-content/themes/flatsome/functions.php on line 620

2020-10-30T14:13:46+00:00 CRITICAL Uncaught Error: Call to undefined method WC_Product_Simple::get_post_name() in /volume2/web/tulegaming/wp-content/themes/flatsome/functions.php:620
Stack trace:
#0 /volume2/web/tulegaming/wp-includes/class-wp-hook.php(287): example_ajax_request('')
#1 /volume2/web/tulegaming/wp-includes/class-wp-hook.php(311): WP_Hook->apply_filters('', Array)
#2 /volume2/web/tulegaming/wp-includes/plugin.php(478): WP_Hook->do_action(Array)
#3 /volume2/web/tulegaming/wp-admin/admin-ajax.php(175): do_action('wp_ajax_example...')
#4 {main}
  thrown in /volume2/web/tulegaming/wp-content/themes/flatsome/functions.php on line 620

2020-10-30T14:14:56+00:00 CRITICAL Uncaught Error: Call to undefined method WC_Product_Simple::the_permalink() in /volume2/web/tulegaming/wp-content/themes/flatsome/functions.php:620
Stack trace:
#0 /volume2/web/tulegaming/wp-includes/class-wp-hook.php(287): example_ajax_request('')
#1 /volume2/web/tulegaming/wp-includes/class-wp-hook.php(311): WP_Hook->apply_filters('', Array)
#2 /volume2/web/tulegaming/wp-includes/plugin.php(478): WP_Hook->do_action(Array)
#3 /volume2/web/tulegaming/wp-admin/admin-ajax.php(175): do_action('wp_ajax_example...')
#4 {main}
  thrown in /volume2/web/tulegaming/wp-content/themes/flatsome/functions.php on line 620

2020-10-30T14:15:14+00:00 CRITICAL Uncaught Error: Call to undefined method WC_Product_Simple::the_postname() in /volume2/web/tulegaming/wp-content/themes/flatsome/functions.php:620
Stack trace:
#0 /volume2/web/tulegaming/wp-includes/class-wp-hook.php(287): example_ajax_request('')
#1 /volume2/web/tulegaming/wp-includes/class-wp-hook.php(311): WP_Hook->apply_filters('', Array)
#2 /volume2/web/tulegaming/wp-includes/plugin.php(478): WP_Hook->do_action(Array)
#3 /volume2/web/tulegaming/wp-admin/admin-ajax.php(175): do_action('wp_ajax_example...')
#4 {main}
  thrown in /volume2/web/tulegaming/wp-content/themes/flatsome/functions.php on line 620

2020-10-30T14:15:49+00:00 CRITICAL Uncaught Error: Call to undefined method WC_Product_Simple::get_the_title() in /volume2/web/tulegaming/wp-content/themes/flatsome/functions.php:620
Stack trace:
#0 /volume2/web/tulegaming/wp-includes/class-wp-hook.php(287): example_ajax_request('')
#1 /volume2/web/tulegaming/wp-includes/class-wp-hook.php(311): WP_Hook->apply_filters('', Array)
#2 /volume2/web/tulegaming/wp-includes/plugin.php(478): WP_Hook->do_action(Array)
#3 /volume2/web/tulegaming/wp-admin/admin-ajax.php(175): do_action('wp_ajax_example...')
#4 {main}
  thrown in /volume2/web/tulegaming/wp-content/themes/flatsome/functions.php on line 620

2020-10-30T14:20:10+00:00 CRITICAL Uncaught Error: Call to undefined method WC_Product_Simple::get_the_title() in /volume2/web/tulegaming/wp-content/themes/flatsome/functions.php:620
Stack trace:
#0 /volume2/web/tulegaming/wp-includes/class-wp-hook.php(287): example_ajax_request('')
#1 /volume2/web/tulegaming/wp-includes/class-wp-hook.php(311): WP_Hook->apply_filters('', Array)
#2 /volume2/web/tulegaming/wp-includes/plugin.php(478): WP_Hook->do_action(Array)
#3 /volume2/web/tulegaming/wp-admin/admin-ajax.php(175): do_action('wp_ajax_example...')
#4 {main}
  thrown in /volume2/web/tulegaming/wp-content/themes/flatsome/functions.php on line 620

