2020-12-05T17:26:12+00:00 CRITICAL Uncaught Error: Call to a member function get() on null in D:\MAMP\htdocs\tulegaming\wp-content\themes\flatsome\functions.php:618
Stack trace:
#0 D:\MAMP\htdocs\tulegaming\wp-includes\class-wp-hook.php(287): timkiem('')
#1 D:\MAMP\htdocs\tulegaming\wp-includes\class-wp-hook.php(311): WP_Hook->apply_filters('', Array)
#2 D:\MAMP\htdocs\tulegaming\wp-includes\plugin.php(478): WP_Hook->do_action(Array)
#3 D:\MAMP\htdocs\tulegaming\wp-admin\custom-ajax.php(175): do_action('wp_ajax_timkiem')
#4 {main}
  thrown in D:\MAMP\htdocs\tulegaming\wp-content\themes\flatsome\functions.php on line 618

2020-12-05T17:26:33+00:00 CRITICAL Uncaught Error: Call to a member function get() on null in D:\MAMP\htdocs\tulegaming\wp-content\themes\flatsome\functions.php:618
Stack trace:
#0 D:\MAMP\htdocs\tulegaming\wp-includes\class-wp-hook.php(287): timkiem('')
#1 D:\MAMP\htdocs\tulegaming\wp-includes\class-wp-hook.php(311): WP_Hook->apply_filters('', Array)
#2 D:\MAMP\htdocs\tulegaming\wp-includes\plugin.php(478): WP_Hook->do_action(Array)
#3 D:\MAMP\htdocs\tulegaming\wp-admin\custom-ajax.php(175): do_action('wp_ajax_timkiem')
#4 {main}
  thrown in D:\MAMP\htdocs\tulegaming\wp-content\themes\flatsome\functions.php on line 618

2020-12-05T17:27:14+00:00 CRITICAL Uncaught Error: Call to a member function get() on null in D:\MAMP\htdocs\tulegaming\wp-content\themes\flatsome\functions.php:618
Stack trace:
#0 D:\MAMP\htdocs\tulegaming\wp-includes\class-wp-hook.php(287): timkiem('')
#1 D:\MAMP\htdocs\tulegaming\wp-includes\class-wp-hook.php(311): WP_Hook->apply_filters('', Array)
#2 D:\MAMP\htdocs\tulegaming\wp-includes\plugin.php(478): WP_Hook->do_action(Array)
#3 D:\MAMP\htdocs\tulegaming\wp-admin\custom-ajax.php(175): do_action('wp_ajax_timkiem')
#4 {main}
  thrown in D:\MAMP\htdocs\tulegaming\wp-content\themes\flatsome\functions.php on line 618

2020-12-05T17:28:37+00:00 CRITICAL Uncaught Error: Call to a member function get() on null in D:\MAMP\htdocs\tulegaming\wp-content\themes\flatsome\functions.php:618
Stack trace:
#0 D:\MAMP\htdocs\tulegaming\wp-includes\class-wp-hook.php(287): timkiem('')
#1 D:\MAMP\htdocs\tulegaming\wp-includes\class-wp-hook.php(311): WP_Hook->apply_filters('', Array)
#2 D:\MAMP\htdocs\tulegaming\wp-includes\plugin.php(478): WP_Hook->do_action(Array)
#3 D:\MAMP\htdocs\tulegaming\wp-admin\custom-ajax.php(175): do_action('wp_ajax_timkiem')
#4 {main}
  thrown in D:\MAMP\htdocs\tulegaming\wp-content\themes\flatsome\functions.php on line 618

2020-12-05T17:30:51+00:00 CRITICAL Uncaught Error: Call to a member function get() on null in D:\MAMP\htdocs\tulegaming\wp-content\themes\flatsome\functions.php:618
Stack trace:
#0 D:\MAMP\htdocs\tulegaming\wp-includes\class-wp-hook.php(287): timkiem('')
#1 D:\MAMP\htdocs\tulegaming\wp-includes\class-wp-hook.php(311): WP_Hook->apply_filters('', Array)
#2 D:\MAMP\htdocs\tulegaming\wp-includes\plugin.php(478): WP_Hook->do_action(Array)
#3 D:\MAMP\htdocs\tulegaming\wp-admin\custom-ajax.php(175): do_action('wp_ajax_timkiem')
#4 {main}
  thrown in D:\MAMP\htdocs\tulegaming\wp-content\themes\flatsome\functions.php on line 618

2020-12-05T17:32:56+00:00 CRITICAL Uncaught Error: Call to a member function get() on null in D:\MAMP\htdocs\tulegaming\wp-content\themes\flatsome\functions.php:618
Stack trace:
#0 D:\MAMP\htdocs\tulegaming\wp-includes\class-wp-hook.php(287): timkiem('')
#1 D:\MAMP\htdocs\tulegaming\wp-includes\class-wp-hook.php(311): WP_Hook->apply_filters('', Array)
#2 D:\MAMP\htdocs\tulegaming\wp-includes\plugin.php(478): WP_Hook->do_action(Array)
#3 D:\MAMP\htdocs\tulegaming\wp-admin\custom-ajax.php(175): do_action('wp_ajax_timkiem')
#4 {main}
  thrown in D:\MAMP\htdocs\tulegaming\wp-content\themes\flatsome\functions.php on line 618

